{"/Users/ashrith/Development/airtribe/news-api/src/app.ts": {"path":"/Users/ashrith/Development/airtribe/news-api/src/app.ts","statementMap":{"0":{"start":{"line":1,"column":0},"end":{"line":1,"column":30}},"1":{"start":{"line":2,"column":0},"end":{"line":2,"column":24}},"2":{"start":{"line":3,"column":0},"end":{"line":3,"column":37}},"3":{"start":{"line":4,"column":0},"end":{"line":4,"column":44}},"4":{"start":{"line":5,"column":0},"end":{"line":5,"column":28}},"5":{"start":{"line":6,"column":0},"end":{"line":6,"column":45}},"6":{"start":{"line":7,"column":0},"end":{"line":7,"column":45}},"7":{"start":{"line":8,"column":0},"end":{"line":8,"column":77}},"8":{"start":{"line":9,"column":0},"end":{"line":9,"column":28}},"9":{"start":{"line":10,"column":0},"end":{"line":10,"column":49}},"10":{"start":{"line":11,"column":0},"end":{"line":11,"column":56}},"11":{"start":{"line":13,"column":0},"end":{"line":13,"column":16}},"12":{"start":{"line":15,"column":12},"end":{"line":15,"column":21}},"13":{"start":{"line":16,"column":13},"end":{"line":16,"column":87}},"14":{"start":{"line":20,"column":0},"end":{"line":20,"column":27}},"15":{"start":{"line":21,"column":0},"end":{"line":21,"column":18}},"16":{"start":{"line":24,"column":0},"end":{"line":28,"column":3}},"17":{"start":{"line":25,"column":2},"end":{"line":27,"column":5}},"18":{"start":{"line":30,"column":0},"end":{"line":30,"column":38}},"19":{"start":{"line":31,"column":0},"end":{"line":31,"column":38}},"20":{"start":{"line":32,"column":0},"end":{"line":32,"column":22}},"21":{"start":{"line":35,"column":0},"end":{"line":35,"column":32}},"22":{"start":{"line":37,"column":0},"end":{"line":52,"column":3}},"23":{"start":{"line":38,"column":2},"end":{"line":51,"column":null}},"24":{"start":{"line":39,"column":4},"end":{"line":39,"column":55}},"25":{"start":{"line":41,"column":4},"end":{"line":41,"column":50}},"26":{"start":{"line":43,"column":4},"end":{"line":50,"column":7}},"27":{"start":{"line":43,"column":40},"end":{"line":48,"column":6}},"28":{"start":{"line":44,"column":6},"end":{"line":44,"column":42}},"29":{"start":{"line":47,"column":6},"end":{"line":47,"column":31}},"30":{"start":{"line":49,"column":6},"end":{"line":49,"column":57}},"31":{"start":{"line":60,"column":18},"end":{"line":60,"column":38}},"32":{"start":{"line":63,"column":0},"end":{"line":65,"column":2}},"33":{"start":{"line":64,"column":2},"end":{"line":64,"column":17}},"34":{"start":{"line":67,"column":0},"end":{"line":67,"column":25}}},"fnMap":{"0":{"name":"(anonymous_8)","decl":{"start":{"line":24,"column":22},"end":{"line":24,"column":23}},"loc":{"start":{"line":24,"column":35},"end":{"line":28,"column":1}}},"1":{"name":"(anonymous_9)","decl":{"start":{"line":37,"column":20},"end":{"line":37,"column":21}},"loc":{"start":{"line":37,"column":36},"end":{"line":52,"column":1}}},"2":{"name":"(anonymous_10)","decl":{"start":{"line":43,"column":29},"end":{"line":43,"column":38}},"loc":{"start":{"line":43,"column":40},"end":{"line":48,"column":6}}},"3":{"name":"(anonymous_11)","decl":{"start":{"line":43,"column":40},"end":{"line":43,"column":null}},"loc":{"start":{"line":43,"column":40},"end":{"line":48,"column":5}}},"4":{"name":"(anonymous_12)","decl":{"start":{"line":48,"column":19},"end":{"line":48,"column":20}},"loc":{"start":{"line":48,"column":27},"end":{"line":50,"column":5}}},"5":{"name":"(anonymous_13)","decl":{"start":{"line":63,"column":18},"end":{"line":63,"column":21}},"loc":{"start":{"line":63,"column":23},"end":{"line":65,"column":1}}}},"branchMap":{"0":{"loc":{"start":{"line":16,"column":13},"end":{"line":16,"column":87}},"type":"cond-expr","locations":[{"start":{"line":16,"column":47},"end":{"line":16,"column":68}},{"start":{"line":16,"column":71},"end":{"line":16,"column":87}}]},"1":{"loc":{"start":{"line":38,"column":2},"end":{"line":51,"column":null}},"type":"if","locations":[{"start":{"line":38,"column":2},"end":{"line":51,"column":null}},{"start":{"line":40,"column":9},"end":{"line":51,"column":null}}]}},"s":{"0":1,"1":1,"2":1,"3":1,"4":1,"5":1,"6":1,"7":1,"8":1,"9":1,"10":1,"11":1,"12":1,"13":1,"14":1,"15":1,"16":1,"17":0,"18":1,"19":1,"20":1,"21":1,"22":1,"23":1,"24":0,"25":1,"26":1,"27":1,"28":1,"29":1,"30":0,"31":1,"32":1,"33":1,"34":1},"f":{"0":0,"1":1,"2":1,"3":1,"4":0,"5":1},"b":{"0":[1,0],"1":[0,1]}}
,"/Users/ashrith/Development/airtribe/news-api/src/config/database.ts": {"path":"/Users/ashrith/Development/airtribe/news-api/src/config/database.ts","statementMap":{"0":{"start":{"line":1,"column":0},"end":{"line":1,"column":52}},"1":{"start":{"line":2,"column":0},"end":{"line":2,"column":28}},"2":{"start":{"line":4,"column":0},"end":{"line":4,"column":16}},"3":{"start":{"line":8,"column":17},"end":{"line":8,"column":55}},"4":{"start":{"line":9,"column":17},"end":{"line":9,"column":55}},"5":{"start":{"line":10,"column":20},"end":{"line":10,"column":62}},"6":{"start":{"line":11,"column":20},"end":{"line":11,"column":53}},"7":{"start":{"line":12,"column":25},"end":{"line":12,"column":63}},"8":{"start":{"line":15,"column":18},"end":{"line":15,"column":140}},"9":{"start":{"line":19,"column":21},"end":{"line":22,"column":20}},"10":{"start":{"line":23,"column":0},"end":{"line":32,"column":null}},"11":{"start":{"line":24,"column":2},"end":{"line":31,"column":5}},"12":{"start":{"line":27,"column":4},"end":{"line":27,"column":40}},"13":{"start":{"line":30,"column":4},"end":{"line":30,"column":55}},"14":{"start":{"line":34,"column":0},"end":{"line":34,"column":35}}},"fnMap":{"0":{"name":"(anonymous_1)","decl":{"start":{"line":26,"column":8},"end":{"line":26,"column":11}},"loc":{"start":{"line":26,"column":13},"end":{"line":28,"column":3}}},"1":{"name":"(anonymous_2)","decl":{"start":{"line":29,"column":9},"end":{"line":29,"column":10}},"loc":{"start":{"line":29,"column":17},"end":{"line":31,"column":3}}}},"branchMap":{"0":{"loc":{"start":{"line":15,"column":18},"end":{"line":15,"column":140}},"type":"cond-expr","locations":[{"start":{"line":15,"column":52},"end":{"line":15,"column":68}},{"start":{"line":15,"column":71},"end":{"line":15,"column":140}}]},"1":{"loc":{"start":{"line":23,"column":0},"end":{"line":32,"column":null}},"type":"if","locations":[{"start":{"line":23,"column":0},"end":{"line":32,"column":null}}]}},"s":{"0":1,"1":1,"2":1,"3":1,"4":1,"5":1,"6":1,"7":1,"8":1,"9":1,"10":1,"11":0,"12":0,"13":0,"14":1},"f":{"0":0,"1":0},"b":{"0":[1,0],"1":[0]}}
,"/Users/ashrith/Development/airtribe/news-api/src/controllers/newsController.ts": {"path":"/Users/ashrith/Development/airtribe/news-api/src/controllers/newsController.ts","statementMap":{"0":{"start":{"line":3,"column":0},"end":{"line":3,"column":26}},"1":{"start":{"line":4,"column":0},"end":{"line":4,"column":39}},"2":{"start":{"line":5,"column":0},"end":{"line":5,"column":61}},"3":{"start":{"line":6,"column":0},"end":{"line":6,"column":57}},"4":{"start":{"line":7,"column":0},"end":{"line":7,"column":55}},"5":{"start":{"line":9,"column":31},"end":{"line":31,"column":2}},"6":{"start":{"line":9,"column":94},"end":{"line":31,"column":2}},"7":{"start":{"line":10,"column":2},"end":{"line":30,"column":null}},"8":{"start":{"line":11,"column":23},"end":{"line":11,"column":26}},"9":{"start":{"line":12,"column":23},"end":{"line":12,"column":77}},"10":{"start":{"line":13,"column":4},"end":{"line":15,"column":null}},"11":{"start":{"line":14,"column":6},"end":{"line":14,"column":55}},"12":{"start":{"line":16,"column":21},"end":{"line":16,"column":47}},"13":{"start":{"line":17,"column":23},"end":{"line":17,"column":41}},"14":{"start":{"line":19,"column":4},"end":{"line":22,"column":null}},"15":{"start":{"line":20,"column":6},"end":{"line":20,"column":42}},"16":{"start":{"line":21,"column":6},"end":{"line":21,"column":106}},"17":{"start":{"line":23,"column":21},"end":{"line":23,"column":50}},"18":{"start":{"line":24,"column":4},"end":{"line":24,"column":39}},"19":{"start":{"line":25,"column":4},"end":{"line":27,"column":68}},"20":{"start":{"line":29,"column":4},"end":{"line":29,"column":16}},"21":{"start":{"line":9,"column":13},"end":{"line":9,"column":31}},"22":{"start":{"line":33,"column":31},"end":{"line":51,"column":2}},"23":{"start":{"line":33,"column":94},"end":{"line":51,"column":2}},"24":{"start":{"line":34,"column":2},"end":{"line":50,"column":null}},"25":{"start":{"line":35,"column":23},"end":{"line":35,"column":26}},"26":{"start":{"line":36,"column":23},"end":{"line":36,"column":55}},"27":{"start":{"line":38,"column":4},"end":{"line":40,"column":null}},"28":{"start":{"line":39,"column":6},"end":{"line":39,"column":55}},"29":{"start":{"line":41,"column":25},"end":{"line":46,"column":6}},"30":{"start":{"line":42,"column":6},"end":{"line":45,"column":8}},"31":{"start":{"line":47,"column":4},"end":{"line":47,"column":50}},"32":{"start":{"line":49,"column":4},"end":{"line":49,"column":16}},"33":{"start":{"line":33,"column":13},"end":{"line":33,"column":31}},"34":{"start":{"line":53,"column":31},"end":{"line":73,"column":2}},"35":{"start":{"line":53,"column":94},"end":{"line":73,"column":2}},"36":{"start":{"line":54,"column":2},"end":{"line":72,"column":null}},"37":{"start":{"line":55,"column":29},"end":{"line":55,"column":32}},"38":{"start":{"line":56,"column":23},"end":{"line":56,"column":55}},"39":{"start":{"line":58,"column":4},"end":{"line":60,"column":null}},"40":{"start":{"line":59,"column":6},"end":{"line":59,"column":55}},"41":{"start":{"line":61,"column":26},"end":{"line":61,"column":30}},"42":{"start":{"line":62,"column":4},"end":{"line":62,"column":50}},"43":{"start":{"line":63,"column":4},"end":{"line":65,"column":6}},"44":{"start":{"line":66,"column":4},"end":{"line":66,"column":30}},"45":{"start":{"line":67,"column":4},"end":{"line":69,"column":63}},"46":{"start":{"line":71,"column":4},"end":{"line":71,"column":16}},"47":{"start":{"line":53,"column":13},"end":{"line":53,"column":31}},"48":{"start":{"line":75,"column":35},"end":{"line":92,"column":null}},"49":{"start":{"line":75,"column":98},"end":{"line":92,"column":null}},"50":{"start":{"line":76,"column":2},"end":{"line":91,"column":null}},"51":{"start":{"line":77,"column":23},"end":{"line":77,"column":26}},"52":{"start":{"line":78,"column":23},"end":{"line":78,"column":55}},"53":{"start":{"line":79,"column":4},"end":{"line":81,"column":null}},"54":{"start":{"line":80,"column":6},"end":{"line":80,"column":55}},"55":{"start":{"line":82,"column":29},"end":{"line":87,"column":6}},"56":{"start":{"line":83,"column":6},"end":{"line":86,"column":8}},"57":{"start":{"line":88,"column":4},"end":{"line":88,"column":54}},"58":{"start":{"line":90,"column":4},"end":{"line":90,"column":16}},"59":{"start":{"line":75,"column":13},"end":{"line":75,"column":35}},"60":{"start":{"line":94,"column":35},"end":{"line":114,"column":null}},"61":{"start":{"line":94,"column":98},"end":{"line":114,"column":null}},"62":{"start":{"line":95,"column":2},"end":{"line":113,"column":null}},"63":{"start":{"line":96,"column":29},"end":{"line":96,"column":32}},"64":{"start":{"line":97,"column":23},"end":{"line":97,"column":55}},"65":{"start":{"line":99,"column":4},"end":{"line":101,"column":null}},"66":{"start":{"line":100,"column":6},"end":{"line":100,"column":55}},"67":{"start":{"line":102,"column":30},"end":{"line":102,"column":34}},"68":{"start":{"line":103,"column":4},"end":{"line":103,"column":59}},"69":{"start":{"line":104,"column":4},"end":{"line":106,"column":6}},"70":{"start":{"line":107,"column":4},"end":{"line":107,"column":30}},"71":{"start":{"line":108,"column":4},"end":{"line":110,"column":67}},"72":{"start":{"line":112,"column":4},"end":{"line":112,"column":16}},"73":{"start":{"line":94,"column":13},"end":{"line":94,"column":35}},"74":{"start":{"line":116,"column":37},"end":{"line":134,"column":null}},"75":{"start":{"line":116,"column":100},"end":{"line":134,"column":null}},"76":{"start":{"line":117,"column":2},"end":{"line":133,"column":null}},"77":{"start":{"line":118,"column":29},"end":{"line":118,"column":32}},"78":{"start":{"line":119,"column":23},"end":{"line":119,"column":55}},"79":{"start":{"line":122,"column":4},"end":{"line":124,"column":null}},"80":{"start":{"line":123,"column":6},"end":{"line":123,"column":55}},"81":{"start":{"line":125,"column":30},"end":{"line":125,"column":34}},"82":{"start":{"line":126,"column":4},"end":{"line":126,"column":137}},"83":{"start":{"line":126,"column":86},"end":{"line":126,"column":135}},"84":{"start":{"line":127,"column":4},"end":{"line":127,"column":30}},"85":{"start":{"line":128,"column":4},"end":{"line":130,"column":67}},"86":{"start":{"line":132,"column":4},"end":{"line":132,"column":16}},"87":{"start":{"line":116,"column":13},"end":{"line":116,"column":37}},"88":{"start":{"line":136,"column":34},"end":{"line":160,"column":null}},"89":{"start":{"line":136,"column":97},"end":{"line":160,"column":null}},"90":{"start":{"line":137,"column":2},"end":{"line":159,"column":null}},"91":{"start":{"line":138,"column":23},"end":{"line":138,"column":26}},"92":{"start":{"line":139,"column":23},"end":{"line":139,"column":55}},"93":{"start":{"line":140,"column":20},"end":{"line":140,"column":38}},"94":{"start":{"line":142,"column":4},"end":{"line":144,"column":null}},"95":{"start":{"line":143,"column":6},"end":{"line":143,"column":55}},"96":{"start":{"line":146,"column":19},"end":{"line":146,"column":46}},"97":{"start":{"line":147,"column":21},"end":{"line":152,"column":6}},"98":{"start":{"line":153,"column":21},"end":{"line":153,"column":43}},"99":{"start":{"line":154,"column":4},"end":{"line":156,"column":68}},"100":{"start":{"line":158,"column":4},"end":{"line":158,"column":16}},"101":{"start":{"line":136,"column":13},"end":{"line":136,"column":34}}},"fnMap":{"0":{"name":"(anonymous_8)","decl":{"start":{"line":9,"column":31},"end":{"line":9,"column":38}},"loc":{"start":{"line":9,"column":94},"end":{"line":31,"column":2}}},"1":{"name":"(anonymous_9)","decl":{"start":{"line":9,"column":94},"end":{"line":9,"column":null}},"loc":{"start":{"line":9,"column":94},"end":{"line":31,"column":1}}},"2":{"name":"(anonymous_10)","decl":{"start":{"line":33,"column":31},"end":{"line":33,"column":38}},"loc":{"start":{"line":33,"column":94},"end":{"line":51,"column":2}}},"3":{"name":"(anonymous_11)","decl":{"start":{"line":33,"column":94},"end":{"line":33,"column":null}},"loc":{"start":{"line":33,"column":94},"end":{"line":51,"column":1}}},"4":{"name":"(anonymous_12)","decl":{"start":{"line":41,"column":55},"end":{"line":41,"column":56}},"loc":{"start":{"line":41,"column":67},"end":{"line":46,"column":5}}},"5":{"name":"(anonymous_13)","decl":{"start":{"line":53,"column":31},"end":{"line":53,"column":38}},"loc":{"start":{"line":53,"column":94},"end":{"line":73,"column":2}}},"6":{"name":"(anonymous_14)","decl":{"start":{"line":53,"column":94},"end":{"line":53,"column":null}},"loc":{"start":{"line":53,"column":94},"end":{"line":73,"column":1}}},"7":{"name":"(anonymous_15)","decl":{"start":{"line":75,"column":35},"end":{"line":75,"column":42}},"loc":{"start":{"line":75,"column":98},"end":{"line":92,"column":null}}},"8":{"name":"(anonymous_16)","decl":{"start":{"line":75,"column":98},"end":{"line":75,"column":null}},"loc":{"start":{"line":75,"column":98},"end":{"line":92,"column":1}}},"9":{"name":"(anonymous_17)","decl":{"start":{"line":82,"column":63},"end":{"line":82,"column":64}},"loc":{"start":{"line":82,"column":75},"end":{"line":87,"column":5}}},"10":{"name":"(anonymous_18)","decl":{"start":{"line":94,"column":35},"end":{"line":94,"column":42}},"loc":{"start":{"line":94,"column":98},"end":{"line":114,"column":null}}},"11":{"name":"(anonymous_19)","decl":{"start":{"line":94,"column":98},"end":{"line":94,"column":null}},"loc":{"start":{"line":94,"column":98},"end":{"line":114,"column":1}}},"12":{"name":"(anonymous_20)","decl":{"start":{"line":116,"column":37},"end":{"line":116,"column":44}},"loc":{"start":{"line":116,"column":100},"end":{"line":134,"column":null}}},"13":{"name":"(anonymous_21)","decl":{"start":{"line":116,"column":100},"end":{"line":116,"column":null}},"loc":{"start":{"line":116,"column":100},"end":{"line":134,"column":1}}},"14":{"name":"(anonymous_22)","decl":{"start":{"line":126,"column":73},"end":{"line":126,"column":74}},"loc":{"start":{"line":126,"column":86},"end":{"line":126,"column":135}}},"15":{"name":"(anonymous_23)","decl":{"start":{"line":136,"column":34},"end":{"line":136,"column":41}},"loc":{"start":{"line":136,"column":97},"end":{"line":160,"column":null}}},"16":{"name":"(anonymous_24)","decl":{"start":{"line":136,"column":97},"end":{"line":136,"column":null}},"loc":{"start":{"line":136,"column":97},"end":{"line":160,"column":1}}}},"branchMap":{"0":{"loc":{"start":{"line":13,"column":4},"end":{"line":15,"column":null}},"type":"if","locations":[{"start":{"line":13,"column":4},"end":{"line":15,"column":null}}]},"1":{"loc":{"start":{"line":19,"column":4},"end":{"line":22,"column":null}},"type":"if","locations":[{"start":{"line":19,"column":4},"end":{"line":22,"column":null}}]},"2":{"loc":{"start":{"line":19,"column":8},"end":{"line":19,"column":43}},"type":"binary-expr","locations":[{"start":{"line":19,"column":8},"end":{"line":19,"column":18}},{"start":{"line":19,"column":22},"end":{"line":19,"column":43}}]},"3":{"loc":{"start":{"line":38,"column":4},"end":{"line":40,"column":null}},"type":"if","locations":[{"start":{"line":38,"column":4},"end":{"line":40,"column":null}}]},"4":{"loc":{"start":{"line":58,"column":4},"end":{"line":60,"column":null}},"type":"if","locations":[{"start":{"line":58,"column":4},"end":{"line":60,"column":null}}]},"5":{"loc":{"start":{"line":79,"column":4},"end":{"line":81,"column":null}},"type":"if","locations":[{"start":{"line":79,"column":4},"end":{"line":81,"column":null}}]},"6":{"loc":{"start":{"line":99,"column":4},"end":{"line":101,"column":null}},"type":"if","locations":[{"start":{"line":99,"column":4},"end":{"line":101,"column":null}}]},"7":{"loc":{"start":{"line":122,"column":4},"end":{"line":124,"column":null}},"type":"if","locations":[{"start":{"line":122,"column":4},"end":{"line":124,"column":null}}]},"8":{"loc":{"start":{"line":142,"column":4},"end":{"line":144,"column":null}},"type":"if","locations":[{"start":{"line":142,"column":4},"end":{"line":144,"column":null}}]}},"s":{"0":1,"1":1,"2":1,"3":1,"4":1,"5":1,"6":1,"7":1,"8":1,"9":1,"10":1,"11":0,"12":1,"13":1,"14":1,"15":0,"16":0,"17":1,"18":1,"19":1,"20":0,"21":1,"22":1,"23":2,"24":2,"25":2,"26":2,"27":2,"28":1,"29":1,"30":2,"31":1,"32":1,"33":1,"34":1,"35":2,"36":2,"37":2,"38":2,"39":2,"40":1,"41":1,"42":1,"43":1,"44":1,"45":1,"46":1,"47":1,"48":1,"49":2,"50":2,"51":2,"52":2,"53":2,"54":1,"55":1,"56":2,"57":1,"58":1,"59":1,"60":1,"61":2,"62":2,"63":2,"64":2,"65":2,"66":1,"67":1,"68":1,"69":1,"70":1,"71":1,"72":1,"73":1,"74":1,"75":0,"76":0,"77":0,"78":0,"79":0,"80":0,"81":0,"82":0,"83":0,"84":0,"85":0,"86":0,"87":1,"88":1,"89":2,"90":2,"91":2,"92":2,"93":2,"94":2,"95":1,"96":1,"97":1,"98":1,"99":1,"100":1,"101":1},"f":{"0":1,"1":1,"2":2,"3":2,"4":2,"5":2,"6":2,"7":2,"8":2,"9":2,"10":2,"11":2,"12":0,"13":0,"14":0,"15":2,"16":2},"b":{"0":[0],"1":[0],"2":[1,0],"3":[1],"4":[1],"5":[1],"6":[1],"7":[0],"8":[1]}}
,"/Users/ashrith/Development/airtribe/news-api/src/controllers/userController.ts": {"path":"/Users/ashrith/Development/airtribe/news-api/src/controllers/userController.ts","statementMap":{"0":{"start":{"line":2,"column":0},"end":{"line":2,"column":28}},"1":{"start":{"line":3,"column":0},"end":{"line":3,"column":39}},"2":{"start":{"line":4,"column":0},"end":{"line":4,"column":79}},"3":{"start":{"line":5,"column":0},"end":{"line":5,"column":56}},"4":{"start":{"line":6,"column":0},"end":{"line":6,"column":92}},"5":{"start":{"line":9,"column":28},"end":{"line":46,"column":2}},"6":{"start":{"line":9,"column":85},"end":{"line":46,"column":2}},"7":{"start":{"line":10,"column":2},"end":{"line":45,"column":null}},"8":{"start":{"line":12,"column":42},"end":{"line":12,"column":50}},"9":{"start":{"line":14,"column":22},"end":{"line":14,"column":102}},"10":{"start":{"line":15,"column":4},"end":{"line":17,"column":null}},"11":{"start":{"line":16,"column":6},"end":{"line":16,"column":58}},"12":{"start":{"line":19,"column":25},"end":{"line":19,"column":62}},"13":{"start":{"line":20,"column":4},"end":{"line":22,"column":null}},"14":{"start":{"line":21,"column":6},"end":{"line":21,"column":64}},"15":{"start":{"line":25,"column":27},"end":{"line":25,"column":58}},"16":{"start":{"line":28,"column":20},"end":{"line":38,"column":6}},"17":{"start":{"line":40,"column":4},"end":{"line":40,"column":25}},"18":{"start":{"line":41,"column":4},"end":{"line":41,"column":70}},"19":{"start":{"line":44,"column":4},"end":{"line":44,"column":16}},"20":{"start":{"line":9,"column":13},"end":{"line":9,"column":28}},"21":{"start":{"line":49,"column":25},"end":{"line":81,"column":2}},"22":{"start":{"line":49,"column":82},"end":{"line":81,"column":2}},"23":{"start":{"line":50,"column":2},"end":{"line":80,"column":null}},"24":{"start":{"line":52,"column":22},"end":{"line":52,"column":76}},"25":{"start":{"line":53,"column":4},"end":{"line":55,"column":null}},"26":{"start":{"line":54,"column":6},"end":{"line":54,"column":58}},"27":{"start":{"line":57,"column":35},"end":{"line":57,"column":43}},"28":{"start":{"line":60,"column":17},"end":{"line":60,"column":54}},"29":{"start":{"line":62,"column":4},"end":{"line":64,"column":null}},"30":{"start":{"line":63,"column":6},"end":{"line":63,"column":55}},"31":{"start":{"line":67,"column":26},"end":{"line":67,"column":71}},"32":{"start":{"line":69,"column":4},"end":{"line":71,"column":null}},"33":{"start":{"line":70,"column":6},"end":{"line":70,"column":55}},"34":{"start":{"line":74,"column":24},"end":{"line":74,"column":58}},"35":{"start":{"line":76,"column":4},"end":{"line":76,"column":42}},"36":{"start":{"line":79,"column":4},"end":{"line":79,"column":16}},"37":{"start":{"line":49,"column":13},"end":{"line":49,"column":25}}},"fnMap":{"0":{"name":"(anonymous_8)","decl":{"start":{"line":9,"column":28},"end":{"line":9,"column":35}},"loc":{"start":{"line":9,"column":85},"end":{"line":46,"column":2}}},"1":{"name":"(anonymous_9)","decl":{"start":{"line":9,"column":85},"end":{"line":9,"column":null}},"loc":{"start":{"line":9,"column":85},"end":{"line":46,"column":1}}},"2":{"name":"(anonymous_10)","decl":{"start":{"line":49,"column":25},"end":{"line":49,"column":32}},"loc":{"start":{"line":49,"column":82},"end":{"line":81,"column":2}}},"3":{"name":"(anonymous_11)","decl":{"start":{"line":49,"column":82},"end":{"line":49,"column":null}},"loc":{"start":{"line":49,"column":82},"end":{"line":81,"column":1}}}},"branchMap":{"0":{"loc":{"start":{"line":15,"column":4},"end":{"line":17,"column":null}},"type":"if","locations":[{"start":{"line":15,"column":4},"end":{"line":17,"column":null}}]},"1":{"loc":{"start":{"line":20,"column":4},"end":{"line":22,"column":null}},"type":"if","locations":[{"start":{"line":20,"column":4},"end":{"line":22,"column":null}}]},"2":{"loc":{"start":{"line":53,"column":4},"end":{"line":55,"column":null}},"type":"if","locations":[{"start":{"line":53,"column":4},"end":{"line":55,"column":null}}]},"3":{"loc":{"start":{"line":62,"column":4},"end":{"line":64,"column":null}},"type":"if","locations":[{"start":{"line":62,"column":4},"end":{"line":64,"column":null}}]},"4":{"loc":{"start":{"line":69,"column":4},"end":{"line":71,"column":null}},"type":"if","locations":[{"start":{"line":69,"column":4},"end":{"line":71,"column":null}}]},"5":{"loc":{"start":{"line":74,"column":38},"end":{"line":74,"column":57}},"type":"binary-expr","locations":[{"start":{"line":74,"column":38},"end":{"line":74,"column":45}},{"start":{"line":74,"column":49},"end":{"line":74,"column":57}}]}},"s":{"0":2,"1":2,"2":2,"3":2,"4":2,"5":2,"6":3,"7":3,"8":3,"9":3,"10":3,"11":1,"12":2,"13":0,"14":0,"15":0,"16":0,"17":0,"18":0,"19":3,"20":2,"21":2,"22":3,"23":3,"24":3,"25":3,"26":1,"27":2,"28":2,"29":0,"30":0,"31":0,"32":0,"33":0,"34":0,"35":0,"36":2,"37":2},"f":{"0":3,"1":3,"2":3,"3":3},"b":{"0":[1],"1":[0],"2":[1],"3":[0],"4":[0],"5":[0,0]}}
,"/Users/ashrith/Development/airtribe/news-api/src/controllers/userPreferencesController.ts": {"path":"/Users/ashrith/Development/airtribe/news-api/src/controllers/userPreferencesController.ts","statementMap":{"0":{"start":{"line":3,"column":0},"end":{"line":3,"column":39}},"1":{"start":{"line":5,"column":0},"end":{"line":5,"column":90}},"2":{"start":{"line":6,"column":0},"end":{"line":6,"column":72}},"3":{"start":{"line":9,"column":34},"end":{"line":44,"column":2}},"4":{"start":{"line":9,"column":98},"end":{"line":44,"column":2}},"5":{"start":{"line":10,"column":2},"end":{"line":43,"column":null}},"6":{"start":{"line":11,"column":29},"end":{"line":11,"column":32}},"7":{"start":{"line":12,"column":83},"end":{"line":12,"column":87}},"8":{"start":{"line":15,"column":23},"end":{"line":15,"column":55}},"9":{"start":{"line":17,"column":4},"end":{"line":19,"column":null}},"10":{"start":{"line":18,"column":6},"end":{"line":18,"column":55}},"11":{"start":{"line":22,"column":22},"end":{"line":22,"column":97}},"12":{"start":{"line":24,"column":4},"end":{"line":26,"column":null}},"13":{"start":{"line":25,"column":6},"end":{"line":25,"column":60}},"14":{"start":{"line":29,"column":4},"end":{"line":31,"column":null}},"15":{"start":{"line":30,"column":6},"end":{"line":30,"column":114}},"16":{"start":{"line":32,"column":4},"end":{"line":34,"column":null}},"17":{"start":{"line":33,"column":6},"end":{"line":33,"column":105}},"18":{"start":{"line":37,"column":4},"end":{"line":37,"column":30}},"19":{"start":{"line":39,"column":4},"end":{"line":39,"column":74}},"20":{"start":{"line":42,"column":4},"end":{"line":42,"column":16}},"21":{"start":{"line":9,"column":13},"end":{"line":9,"column":34}},"22":{"start":{"line":49,"column":34},"end":{"line":63,"column":2}},"23":{"start":{"line":49,"column":97},"end":{"line":63,"column":2}},"24":{"start":{"line":50,"column":2},"end":{"line":62,"column":null}},"25":{"start":{"line":51,"column":19},"end":{"line":51,"column":29}},"26":{"start":{"line":53,"column":25},"end":{"line":53,"column":57}},"27":{"start":{"line":54,"column":4},"end":{"line":56,"column":null}},"28":{"start":{"line":55,"column":6},"end":{"line":55,"column":55}},"29":{"start":{"line":58,"column":4},"end":{"line":58,"column":75}},"30":{"start":{"line":61,"column":4},"end":{"line":61,"column":16}},"31":{"start":{"line":49,"column":13},"end":{"line":49,"column":34}},"32":{"start":{"line":66,"column":37},"end":{"line":105,"column":2}},"33":{"start":{"line":66,"column":101},"end":{"line":105,"column":2}},"34":{"start":{"line":67,"column":2},"end":{"line":104,"column":null}},"35":{"start":{"line":68,"column":29},"end":{"line":68,"column":32}},"36":{"start":{"line":69,"column":107},"end":{"line":69,"column":111}},"37":{"start":{"line":72,"column":23},"end":{"line":72,"column":55}},"38":{"start":{"line":74,"column":4},"end":{"line":76,"column":null}},"39":{"start":{"line":75,"column":6},"end":{"line":75,"column":55}},"40":{"start":{"line":79,"column":22},"end":{"line":79,"column":115}},"41":{"start":{"line":81,"column":4},"end":{"line":83,"column":null}},"42":{"start":{"line":82,"column":6},"end":{"line":82,"column":67}},"43":{"start":{"line":86,"column":4},"end":{"line":90,"column":null}},"44":{"start":{"line":87,"column":6},"end":{"line":89,"column":8}},"45":{"start":{"line":88,"column":22},"end":{"line":88,"column":58}},"46":{"start":{"line":91,"column":4},"end":{"line":95,"column":null}},"47":{"start":{"line":92,"column":6},"end":{"line":94,"column":8}},"48":{"start":{"line":93,"column":20},"end":{"line":93,"column":51}},"49":{"start":{"line":98,"column":4},"end":{"line":98,"column":30}},"50":{"start":{"line":100,"column":4},"end":{"line":100,"column":74}},"51":{"start":{"line":103,"column":4},"end":{"line":103,"column":16}},"52":{"start":{"line":66,"column":13},"end":{"line":66,"column":37}}},"fnMap":{"0":{"name":"(anonymous_8)","decl":{"start":{"line":9,"column":34},"end":{"line":9,"column":41}},"loc":{"start":{"line":9,"column":98},"end":{"line":44,"column":2}}},"1":{"name":"(anonymous_9)","decl":{"start":{"line":9,"column":98},"end":{"line":9,"column":null}},"loc":{"start":{"line":9,"column":98},"end":{"line":44,"column":1}}},"2":{"name":"(anonymous_10)","decl":{"start":{"line":49,"column":34},"end":{"line":49,"column":41}},"loc":{"start":{"line":49,"column":97},"end":{"line":63,"column":2}}},"3":{"name":"(anonymous_11)","decl":{"start":{"line":49,"column":97},"end":{"line":49,"column":null}},"loc":{"start":{"line":49,"column":97},"end":{"line":63,"column":1}}},"4":{"name":"(anonymous_12)","decl":{"start":{"line":66,"column":37},"end":{"line":66,"column":44}},"loc":{"start":{"line":66,"column":101},"end":{"line":105,"column":2}}},"5":{"name":"(anonymous_13)","decl":{"start":{"line":66,"column":101},"end":{"line":66,"column":null}},"loc":{"start":{"line":66,"column":101},"end":{"line":105,"column":1}}},"6":{"name":"(anonymous_14)","decl":{"start":{"line":88,"column":8},"end":{"line":88,"column":9}},"loc":{"start":{"line":88,"column":22},"end":{"line":88,"column":58}}},"7":{"name":"(anonymous_15)","decl":{"start":{"line":93,"column":8},"end":{"line":93,"column":9}},"loc":{"start":{"line":93,"column":20},"end":{"line":93,"column":51}}}},"branchMap":{"0":{"loc":{"start":{"line":17,"column":4},"end":{"line":19,"column":null}},"type":"if","locations":[{"start":{"line":17,"column":4},"end":{"line":19,"column":null}}]},"1":{"loc":{"start":{"line":24,"column":4},"end":{"line":26,"column":null}},"type":"if","locations":[{"start":{"line":24,"column":4},"end":{"line":26,"column":null}}]},"2":{"loc":{"start":{"line":29,"column":4},"end":{"line":31,"column":null}},"type":"if","locations":[{"start":{"line":29,"column":4},"end":{"line":31,"column":null}}]},"3":{"loc":{"start":{"line":32,"column":4},"end":{"line":34,"column":null}},"type":"if","locations":[{"start":{"line":32,"column":4},"end":{"line":34,"column":null}}]},"4":{"loc":{"start":{"line":54,"column":4},"end":{"line":56,"column":null}},"type":"if","locations":[{"start":{"line":54,"column":4},"end":{"line":56,"column":null}}]},"5":{"loc":{"start":{"line":74,"column":4},"end":{"line":76,"column":null}},"type":"if","locations":[{"start":{"line":74,"column":4},"end":{"line":76,"column":null}}]},"6":{"loc":{"start":{"line":81,"column":4},"end":{"line":83,"column":null}},"type":"if","locations":[{"start":{"line":81,"column":4},"end":{"line":83,"column":null}}]},"7":{"loc":{"start":{"line":86,"column":4},"end":{"line":90,"column":null}},"type":"if","locations":[{"start":{"line":86,"column":4},"end":{"line":90,"column":null}}]},"8":{"loc":{"start":{"line":91,"column":4},"end":{"line":95,"column":null}},"type":"if","locations":[{"start":{"line":91,"column":4},"end":{"line":95,"column":null}}]}},"s":{"0":1,"1":1,"2":1,"3":1,"4":0,"5":0,"6":0,"7":0,"8":0,"9":0,"10":0,"11":0,"12":0,"13":0,"14":0,"15":0,"16":0,"17":0,"18":0,"19":0,"20":0,"21":1,"22":1,"23":0,"24":0,"25":0,"26":0,"27":0,"28":0,"29":0,"30":0,"31":1,"32":1,"33":0,"34":0,"35":0,"36":0,"37":0,"38":0,"39":0,"40":0,"41":0,"42":0,"43":0,"44":0,"45":0,"46":0,"47":0,"48":0,"49":0,"50":0,"51":0,"52":1},"f":{"0":0,"1":0,"2":0,"3":0,"4":0,"5":0,"6":0,"7":0},"b":{"0":[0],"1":[0],"2":[0],"3":[0],"4":[0],"5":[0],"6":[0],"7":[0],"8":[0]}}
,"/Users/ashrith/Development/airtribe/news-api/src/handlers/error-handler.ts": {"path":"/Users/ashrith/Development/airtribe/news-api/src/handlers/error-handler.ts","statementMap":{"0":{"start":{"line":2,"column":0},"end":{"line":2,"column":133}},"1":{"start":{"line":4,"column":28},"end":{"line":21,"column":1}},"2":{"start":{"line":5,"column":2},"end":{"line":7,"column":null}},"3":{"start":{"line":6,"column":4},"end":{"line":6,"column":58}},"4":{"start":{"line":8,"column":2},"end":{"line":10,"column":null}},"5":{"start":{"line":9,"column":4},"end":{"line":9,"column":58}},"6":{"start":{"line":11,"column":2},"end":{"line":13,"column":null}},"7":{"start":{"line":12,"column":4},"end":{"line":12,"column":58}},"8":{"start":{"line":14,"column":2},"end":{"line":16,"column":null}},"9":{"start":{"line":15,"column":4},"end":{"line":15,"column":58}},"10":{"start":{"line":17,"column":2},"end":{"line":19,"column":null}},"11":{"start":{"line":18,"column":4},"end":{"line":18,"column":58}},"12":{"start":{"line":20,"column":2},"end":{"line":20,"column":59}},"13":{"start":{"line":4,"column":13},"end":{"line":4,"column":28}}},"fnMap":{"0":{"name":"(anonymous_0)","decl":{"start":{"line":4,"column":28},"end":{"line":4,"column":29}},"loc":{"start":{"line":4,"column":92},"end":{"line":21,"column":1}}}},"branchMap":{"0":{"loc":{"start":{"line":5,"column":2},"end":{"line":7,"column":null}},"type":"if","locations":[{"start":{"line":5,"column":2},"end":{"line":7,"column":null}}]},"1":{"loc":{"start":{"line":8,"column":2},"end":{"line":10,"column":null}},"type":"if","locations":[{"start":{"line":8,"column":2},"end":{"line":10,"column":null}}]},"2":{"loc":{"start":{"line":11,"column":2},"end":{"line":13,"column":null}},"type":"if","locations":[{"start":{"line":11,"column":2},"end":{"line":13,"column":null}}]},"3":{"loc":{"start":{"line":14,"column":2},"end":{"line":16,"column":null}},"type":"if","locations":[{"start":{"line":14,"column":2},"end":{"line":16,"column":null}}]},"4":{"loc":{"start":{"line":17,"column":2},"end":{"line":19,"column":null}},"type":"if","locations":[{"start":{"line":17,"column":2},"end":{"line":19,"column":null}}]}},"s":{"0":2,"1":2,"2":12,"3":1,"4":11,"5":1,"6":10,"7":2,"8":8,"9":1,"10":7,"11":6,"12":1,"13":2},"f":{"0":12},"b":{"0":[1],"1":[1],"2":[2],"3":[1],"4":[6]}}
,"/Users/ashrith/Development/airtribe/news-api/src/middleware/authMiddleware.ts": {"path":"/Users/ashrith/Development/airtribe/news-api/src/middleware/authMiddleware.ts","statementMap":{"0":{"start":{"line":2,"column":0},"end":{"line":2,"column":54}},"1":{"start":{"line":3,"column":0},"end":{"line":3,"column":58}},"2":{"start":{"line":9,"column":31},"end":{"line":25,"column":1}},"3":{"start":{"line":10,"column":16},"end":{"line":10,"column":41}},"4":{"start":{"line":13,"column":2},"end":{"line":15,"column":null}},"5":{"start":{"line":14,"column":4},"end":{"line":14,"column":49}},"6":{"start":{"line":18,"column":23},"end":{"line":18,"column":41}},"7":{"start":{"line":20,"column":2},"end":{"line":22,"column":null}},"8":{"start":{"line":21,"column":4},"end":{"line":21,"column":49}},"9":{"start":{"line":23,"column":2},"end":{"line":23,"column":35}},"10":{"start":{"line":24,"column":2},"end":{"line":24,"column":9}},"11":{"start":{"line":9,"column":13},"end":{"line":9,"column":31}}},"fnMap":{"0":{"name":"(anonymous_0)","decl":{"start":{"line":9,"column":31},"end":{"line":9,"column":32}},"loc":{"start":{"line":9,"column":89},"end":{"line":25,"column":1}}}},"branchMap":{"0":{"loc":{"start":{"line":13,"column":2},"end":{"line":15,"column":null}},"type":"if","locations":[{"start":{"line":13,"column":2},"end":{"line":15,"column":null}}]},"1":{"loc":{"start":{"line":20,"column":2},"end":{"line":22,"column":null}},"type":"if","locations":[{"start":{"line":20,"column":2},"end":{"line":22,"column":null}}]}},"s":{"0":2,"1":2,"2":2,"3":19,"4":19,"5":2,"6":17,"7":17,"8":1,"9":16,"10":16,"11":2},"f":{"0":19},"b":{"0":[2],"1":[1]}}
,"/Users/ashrith/Development/airtribe/news-api/src/middleware/categoriesMiddleware.ts": {"path":"/Users/ashrith/Development/airtribe/news-api/src/middleware/categoriesMiddleware.ts","statementMap":{"0":{"start":{"line":3,"column":0},"end":{"line":3,"column":22}},"1":{"start":{"line":7,"column":36},"end":{"line":46,"column":1}},"2":{"start":{"line":8,"column":2},"end":{"line":10,"column":null}},"3":{"start":{"line":9,"column":4},"end":{"line":9,"column":64}},"4":{"start":{"line":11,"column":81},"end":{"line":11,"column":89}},"5":{"start":{"line":12,"column":17},"end":{"line":19,"column":4}},"6":{"start":{"line":21,"column":20},"end":{"line":21,"column":45}},"7":{"start":{"line":23,"column":2},"end":{"line":25,"column":null}},"8":{"start":{"line":24,"column":4},"end":{"line":24,"column":60}},"9":{"start":{"line":27,"column":2},"end":{"line":29,"column":null}},"10":{"start":{"line":28,"column":4},"end":{"line":28,"column":94}},"11":{"start":{"line":45,"column":4},"end":{"line":45,"column":11}},"12":{"start":{"line":7,"column":13},"end":{"line":7,"column":36}}},"fnMap":{"0":{"name":"(anonymous_1)","decl":{"start":{"line":7,"column":36},"end":{"line":7,"column":37}},"loc":{"start":{"line":7,"column":88},"end":{"line":46,"column":1}}}},"branchMap":{"0":{"loc":{"start":{"line":8,"column":2},"end":{"line":10,"column":null}},"type":"if","locations":[{"start":{"line":8,"column":2},"end":{"line":10,"column":null}}]},"1":{"loc":{"start":{"line":23,"column":2},"end":{"line":25,"column":null}},"type":"if","locations":[{"start":{"line":23,"column":2},"end":{"line":25,"column":null}}]},"2":{"loc":{"start":{"line":27,"column":2},"end":{"line":29,"column":null}},"type":"if","locations":[{"start":{"line":27,"column":2},"end":{"line":29,"column":null}}]},"3":{"loc":{"start":{"line":27,"column":6},"end":{"line":27,"column":29}},"type":"binary-expr","locations":[{"start":{"line":27,"column":6},"end":{"line":27,"column":17}},{"start":{"line":27,"column":21},"end":{"line":27,"column":29}}]}},"s":{"0":2,"1":2,"2":8,"3":1,"4":7,"5":7,"6":7,"7":7,"8":3,"9":4,"10":1,"11":3,"12":2},"f":{"0":8},"b":{"0":[1],"1":[3],"2":[1],"3":[4,2]}}
,"/Users/ashrith/Development/airtribe/news-api/src/middleware/newsMiddleware.ts": {"path":"/Users/ashrith/Development/airtribe/news-api/src/middleware/newsMiddleware.ts","statementMap":{"0":{"start":{"line":2,"column":0},"end":{"line":2,"column":39}},"1":{"start":{"line":4,"column":0},"end":{"line":4,"column":55}},"2":{"start":{"line":6,"column":40},"end":{"line":52,"column":2}},"3":{"start":{"line":10,"column":4},"end":{"line":52,"column":2}},"4":{"start":{"line":11,"column":2},"end":{"line":51,"column":null}},"5":{"start":{"line":12,"column":4},"end":{"line":14,"column":null}},"6":{"start":{"line":13,"column":6},"end":{"line":13,"column":51}},"7":{"start":{"line":21,"column":8},"end":{"line":21,"column":16}},"8":{"start":{"line":22,"column":19},"end":{"line":22,"column":29}},"9":{"start":{"line":23,"column":4},"end":{"line":25,"column":null}},"10":{"start":{"line":24,"column":6},"end":{"line":24,"column":79}},"11":{"start":{"line":26,"column":4},"end":{"line":28,"column":null}},"12":{"start":{"line":27,"column":6},"end":{"line":27,"column":78}},"13":{"start":{"line":29,"column":4},"end":{"line":36,"column":null}},"14":{"start":{"line":33,"column":6},"end":{"line":35,"column":61}},"15":{"start":{"line":37,"column":30},"end":{"line":37,"column":79}},"16":{"start":{"line":38,"column":28},"end":{"line":41,"column":6}},"17":{"start":{"line":42,"column":4},"end":{"line":44,"column":null}},"18":{"start":{"line":43,"column":6},"end":{"line":43,"column":71}},"19":{"start":{"line":45,"column":4},"end":{"line":47,"column":null}},"20":{"start":{"line":46,"column":6},"end":{"line":46,"column":58}},"21":{"start":{"line":48,"column":4},"end":{"line":48,"column":11}},"22":{"start":{"line":50,"column":4},"end":{"line":50,"column":16}},"23":{"start":{"line":6,"column":13},"end":{"line":6,"column":40}},"24":{"start":{"line":54,"column":37},"end":{"line":107,"column":2}},"25":{"start":{"line":58,"column":4},"end":{"line":107,"column":2}},"26":{"start":{"line":59,"column":2},"end":{"line":106,"column":null}},"27":{"start":{"line":60,"column":4},"end":{"line":62,"column":null}},"28":{"start":{"line":61,"column":6},"end":{"line":61,"column":51}},"29":{"start":{"line":69,"column":8},"end":{"line":69,"column":16}},"30":{"start":{"line":70,"column":19},"end":{"line":70,"column":29}},"31":{"start":{"line":71,"column":4},"end":{"line":75,"column":null}},"32":{"start":{"line":72,"column":6},"end":{"line":74,"column":63}},"33":{"start":{"line":76,"column":4},"end":{"line":78,"column":null}},"34":{"start":{"line":77,"column":6},"end":{"line":77,"column":78}},"35":{"start":{"line":79,"column":4},"end":{"line":86,"column":null}},"36":{"start":{"line":83,"column":6},"end":{"line":85,"column":61}},"37":{"start":{"line":87,"column":30},"end":{"line":88,"column":null}},"38":{"start":{"line":90,"column":28},"end":{"line":93,"column":6}},"39":{"start":{"line":94,"column":4},"end":{"line":98,"column":null}},"40":{"start":{"line":95,"column":6},"end":{"line":97,"column":65}},"41":{"start":{"line":100,"column":4},"end":{"line":102,"column":null}},"42":{"start":{"line":101,"column":6},"end":{"line":101,"column":62}},"43":{"start":{"line":103,"column":4},"end":{"line":103,"column":11}},"44":{"start":{"line":105,"column":4},"end":{"line":105,"column":16}},"45":{"start":{"line":54,"column":13},"end":{"line":54,"column":37}},"46":{"start":{"line":109,"column":40},"end":{"line":161,"column":2}},"47":{"start":{"line":113,"column":4},"end":{"line":161,"column":2}},"48":{"start":{"line":114,"column":2},"end":{"line":160,"column":null}},"49":{"start":{"line":115,"column":4},"end":{"line":117,"column":null}},"50":{"start":{"line":116,"column":6},"end":{"line":116,"column":51}},"51":{"start":{"line":124,"column":8},"end":{"line":124,"column":16}},"52":{"start":{"line":125,"column":19},"end":{"line":125,"column":29}},"53":{"start":{"line":126,"column":4},"end":{"line":130,"column":null}},"54":{"start":{"line":127,"column":6},"end":{"line":129,"column":63}},"55":{"start":{"line":131,"column":4},"end":{"line":133,"column":null}},"56":{"start":{"line":132,"column":6},"end":{"line":132,"column":78}},"57":{"start":{"line":134,"column":4},"end":{"line":141,"column":null}},"58":{"start":{"line":138,"column":6},"end":{"line":140,"column":61}},"59":{"start":{"line":142,"column":30},"end":{"line":143,"column":null}},"60":{"start":{"line":145,"column":28},"end":{"line":148,"column":6}},"61":{"start":{"line":150,"column":4},"end":{"line":152,"column":null}},"62":{"start":{"line":151,"column":6},"end":{"line":151,"column":80}},"63":{"start":{"line":154,"column":4},"end":{"line":156,"column":null}},"64":{"start":{"line":155,"column":6},"end":{"line":155,"column":62}},"65":{"start":{"line":157,"column":4},"end":{"line":157,"column":11}},"66":{"start":{"line":159,"column":4},"end":{"line":159,"column":16}},"67":{"start":{"line":109,"column":13},"end":{"line":109,"column":40}},"68":{"start":{"line":163,"column":32},"end":{"line":180,"column":2}},"69":{"start":{"line":167,"column":4},"end":{"line":180,"column":2}},"70":{"start":{"line":168,"column":18},"end":{"line":168,"column":36}},"71":{"start":{"line":169,"column":2},"end":{"line":171,"column":null}},"72":{"start":{"line":170,"column":4},"end":{"line":170,"column":73}},"73":{"start":{"line":172,"column":2},"end":{"line":174,"column":null}},"74":{"start":{"line":173,"column":4},"end":{"line":173,"column":73}},"75":{"start":{"line":175,"column":2},"end":{"line":177,"column":null}},"76":{"start":{"line":176,"column":4},"end":{"line":176,"column":40}},"77":{"start":{"line":179,"column":2},"end":{"line":179,"column":9}},"78":{"start":{"line":163,"column":13},"end":{"line":163,"column":32}},"79":{"start":{"line":182,"column":41},"end":{"line":203,"column":1}},"80":{"start":{"line":187,"column":17},"end":{"line":187,"column":27}},"81":{"start":{"line":189,"column":2},"end":{"line":202,"column":5}},"82":{"start":{"line":190,"column":4},"end":{"line":192,"column":null}},"83":{"start":{"line":191,"column":6},"end":{"line":191,"column":70}},"84":{"start":{"line":193,"column":36},"end":{"line":193,"column":52}},"85":{"start":{"line":194,"column":4},"end":{"line":200,"column":null}},"86":{"start":{"line":195,"column":6},"end":{"line":199,"column":9}},"87":{"start":{"line":201,"column":4},"end":{"line":201,"column":11}},"88":{"start":{"line":182,"column":13},"end":{"line":182,"column":41}}},"fnMap":{"0":{"name":"(anonymous_8)","decl":{"start":{"line":6,"column":40},"end":{"line":6,"column":null}},"loc":{"start":{"line":10,"column":4},"end":{"line":52,"column":2}}},"1":{"name":"(anonymous_9)","decl":{"start":{"line":10,"column":4},"end":{"line":10,"column":null}},"loc":{"start":{"line":10,"column":4},"end":{"line":52,"column":1}}},"2":{"name":"(anonymous_10)","decl":{"start":{"line":54,"column":37},"end":{"line":54,"column":null}},"loc":{"start":{"line":58,"column":4},"end":{"line":107,"column":2}}},"3":{"name":"(anonymous_11)","decl":{"start":{"line":58,"column":4},"end":{"line":58,"column":null}},"loc":{"start":{"line":58,"column":4},"end":{"line":107,"column":1}}},"4":{"name":"(anonymous_12)","decl":{"start":{"line":109,"column":40},"end":{"line":109,"column":null}},"loc":{"start":{"line":113,"column":4},"end":{"line":161,"column":2}}},"5":{"name":"(anonymous_13)","decl":{"start":{"line":113,"column":4},"end":{"line":113,"column":null}},"loc":{"start":{"line":113,"column":4},"end":{"line":161,"column":1}}},"6":{"name":"(anonymous_14)","decl":{"start":{"line":163,"column":32},"end":{"line":163,"column":null}},"loc":{"start":{"line":167,"column":4},"end":{"line":180,"column":2}}},"7":{"name":"(anonymous_15)","decl":{"start":{"line":167,"column":4},"end":{"line":167,"column":null}},"loc":{"start":{"line":167,"column":4},"end":{"line":180,"column":1}}},"8":{"name":"(anonymous_16)","decl":{"start":{"line":182,"column":41},"end":{"line":182,"column":null}},"loc":{"start":{"line":186,"column":4},"end":{"line":203,"column":1}}},"9":{"name":"(anonymous_17)","decl":{"start":{"line":189,"column":34},"end":{"line":189,"column":35}},"loc":{"start":{"line":189,"column":43},"end":{"line":202,"column":3}}}},"branchMap":{"0":{"loc":{"start":{"line":12,"column":4},"end":{"line":14,"column":null}},"type":"if","locations":[{"start":{"line":12,"column":4},"end":{"line":14,"column":null}}]},"1":{"loc":{"start":{"line":12,"column":8},"end":{"line":12,"column":38}},"type":"binary-expr","locations":[{"start":{"line":12,"column":8},"end":{"line":12,"column":17}},{"start":{"line":12,"column":21},"end":{"line":12,"column":38}}]},"2":{"loc":{"start":{"line":23,"column":4},"end":{"line":25,"column":null}},"type":"if","locations":[{"start":{"line":23,"column":4},"end":{"line":25,"column":null}}]},"3":{"loc":{"start":{"line":26,"column":4},"end":{"line":28,"column":null}},"type":"if","locations":[{"start":{"line":26,"column":4},"end":{"line":28,"column":null}}]},"4":{"loc":{"start":{"line":29,"column":4},"end":{"line":36,"column":null}},"type":"if","locations":[{"start":{"line":29,"column":4},"end":{"line":36,"column":null}}]},"5":{"loc":{"start":{"line":30,"column":6},"end":{"line":31,"column":49}},"type":"binary-expr","locations":[{"start":{"line":30,"column":6},"end":{"line":30,"column":48}},{"start":{"line":31,"column":6},"end":{"line":31,"column":49}}]},"6":{"loc":{"start":{"line":42,"column":4},"end":{"line":44,"column":null}},"type":"if","locations":[{"start":{"line":42,"column":4},"end":{"line":44,"column":null}}]},"7":{"loc":{"start":{"line":45,"column":4},"end":{"line":47,"column":null}},"type":"if","locations":[{"start":{"line":45,"column":4},"end":{"line":47,"column":null}}]},"8":{"loc":{"start":{"line":60,"column":4},"end":{"line":62,"column":null}},"type":"if","locations":[{"start":{"line":60,"column":4},"end":{"line":62,"column":null}}]},"9":{"loc":{"start":{"line":71,"column":4},"end":{"line":75,"column":null}},"type":"if","locations":[{"start":{"line":71,"column":4},"end":{"line":75,"column":null}}]},"10":{"loc":{"start":{"line":76,"column":4},"end":{"line":78,"column":null}},"type":"if","locations":[{"start":{"line":76,"column":4},"end":{"line":78,"column":null}}]},"11":{"loc":{"start":{"line":79,"column":4},"end":{"line":86,"column":null}},"type":"if","locations":[{"start":{"line":79,"column":4},"end":{"line":86,"column":null}}]},"12":{"loc":{"start":{"line":80,"column":6},"end":{"line":81,"column":53}},"type":"binary-expr","locations":[{"start":{"line":80,"column":6},"end":{"line":80,"column":52}},{"start":{"line":81,"column":6},"end":{"line":81,"column":53}}]},"13":{"loc":{"start":{"line":94,"column":4},"end":{"line":98,"column":null}},"type":"if","locations":[{"start":{"line":94,"column":4},"end":{"line":98,"column":null}}]},"14":{"loc":{"start":{"line":100,"column":4},"end":{"line":102,"column":null}},"type":"if","locations":[{"start":{"line":100,"column":4},"end":{"line":102,"column":null}}]},"15":{"loc":{"start":{"line":115,"column":4},"end":{"line":117,"column":null}},"type":"if","locations":[{"start":{"line":115,"column":4},"end":{"line":117,"column":null}}]},"16":{"loc":{"start":{"line":126,"column":4},"end":{"line":130,"column":null}},"type":"if","locations":[{"start":{"line":126,"column":4},"end":{"line":130,"column":null}}]},"17":{"loc":{"start":{"line":131,"column":4},"end":{"line":133,"column":null}},"type":"if","locations":[{"start":{"line":131,"column":4},"end":{"line":133,"column":null}}]},"18":{"loc":{"start":{"line":134,"column":4},"end":{"line":141,"column":null}},"type":"if","locations":[{"start":{"line":134,"column":4},"end":{"line":141,"column":null}}]},"19":{"loc":{"start":{"line":135,"column":6},"end":{"line":136,"column":53}},"type":"binary-expr","locations":[{"start":{"line":135,"column":6},"end":{"line":135,"column":52}},{"start":{"line":136,"column":6},"end":{"line":136,"column":53}}]},"20":{"loc":{"start":{"line":150,"column":4},"end":{"line":152,"column":null}},"type":"if","locations":[{"start":{"line":150,"column":4},"end":{"line":152,"column":null}}]},"21":{"loc":{"start":{"line":154,"column":4},"end":{"line":156,"column":null}},"type":"if","locations":[{"start":{"line":154,"column":4},"end":{"line":156,"column":null}}]},"22":{"loc":{"start":{"line":169,"column":2},"end":{"line":171,"column":null}},"type":"if","locations":[{"start":{"line":169,"column":2},"end":{"line":171,"column":null}}]},"23":{"loc":{"start":{"line":172,"column":2},"end":{"line":174,"column":null}},"type":"if","locations":[{"start":{"line":172,"column":2},"end":{"line":174,"column":null}}]},"24":{"loc":{"start":{"line":172,"column":6},"end":{"line":172,"column":32}},"type":"binary-expr","locations":[{"start":{"line":172,"column":6},"end":{"line":172,"column":13}},{"start":{"line":172,"column":17},"end":{"line":172,"column":32}}]},"25":{"loc":{"start":{"line":175,"column":2},"end":{"line":177,"column":null}},"type":"if","locations":[{"start":{"line":175,"column":2},"end":{"line":177,"column":null}}]},"26":{"loc":{"start":{"line":190,"column":4},"end":{"line":192,"column":null}},"type":"if","locations":[{"start":{"line":190,"column":4},"end":{"line":192,"column":null}}]},"27":{"loc":{"start":{"line":194,"column":4},"end":{"line":200,"column":null}},"type":"if","locations":[{"start":{"line":194,"column":4},"end":{"line":200,"column":null}}]},"28":{"loc":{"start":{"line":194,"column":8},"end":{"line":194,"column":31}},"type":"binary-expr","locations":[{"start":{"line":194,"column":8},"end":{"line":194,"column":19}},{"start":{"line":194,"column":23},"end":{"line":194,"column":31}}]}},"s":{"0":2,"1":2,"2":2,"3":10,"4":10,"5":10,"6":1,"7":9,"8":9,"9":9,"10":1,"11":8,"12":1,"13":7,"14":1,"15":6,"16":6,"17":5,"18":1,"19":4,"20":4,"21":4,"22":2,"23":2,"24":2,"25":10,"26":10,"27":10,"28":1,"29":9,"30":9,"31":9,"32":1,"33":8,"34":1,"35":7,"36":1,"37":6,"38":6,"39":5,"40":1,"41":4,"42":4,"43":4,"44":2,"45":2,"46":2,"47":10,"48":10,"49":10,"50":1,"51":9,"52":9,"53":9,"54":1,"55":8,"56":1,"57":7,"58":1,"59":6,"60":6,"61":5,"62":3,"63":2,"64":2,"65":2,"66":2,"67":2,"68":2,"69":6,"70":6,"71":6,"72":1,"73":5,"74":1,"75":4,"76":4,"77":4,"78":2,"79":2,"80":5,"81":5,"82":5,"83":2,"84":3,"85":3,"86":1,"87":2,"88":2},"f":{"0":10,"1":10,"2":10,"3":10,"4":10,"5":10,"6":6,"7":6,"8":5,"9":5},"b":{"0":[1],"1":[10,9],"2":[1],"3":[1],"4":[1],"5":[7,1],"6":[1],"7":[4],"8":[1],"9":[1],"10":[1],"11":[1],"12":[7,1],"13":[1],"14":[4],"15":[1],"16":[1],"17":[1],"18":[1],"19":[7,1],"20":[3],"21":[2],"22":[1],"23":[1],"24":[5,5],"25":[4],"26":[2],"27":[1],"28":[3,1]}}
,"/Users/ashrith/Development/airtribe/news-api/src/models/User.ts": {"path":"/Users/ashrith/Development/airtribe/news-api/src/models/User.ts","statementMap":{"0":{"start":{"line":1,"column":0},"end":{"line":1,"column":54}},"1":{"start":{"line":24,"column":27},"end":{"line":42,"column":2}},"2":{"start":{"line":45,"column":13},"end":{"line":45,"column":54}},"3":{"start":{"line":47,"column":0},"end":{"line":47,"column":20}}},"fnMap":{},"branchMap":{},"s":{"0":5,"1":5,"2":5,"3":5},"f":{},"b":{}}
,"/Users/ashrith/Development/airtribe/news-api/src/routes/newsRoutes.ts": {"path":"/Users/ashrith/Development/airtribe/news-api/src/routes/newsRoutes.ts","statementMap":{"0":{"start":{"line":1,"column":0},"end":{"line":1,"column":30}},"1":{"start":{"line":2,"column":0},"end":{"line":2,"column":63}},"2":{"start":{"line":3,"column":0},"end":{"line":3,"column":null}},"3":{"start":{"line":12,"column":0},"end":{"line":12,"column":null}},"4":{"start":{"line":20,"column":15},"end":{"line":20,"column":31}},"5":{"start":{"line":24,"column":0},"end":{"line":24,"column":85}},"6":{"start":{"line":26,"column":0},"end":{"line":26,"column":81}},"7":{"start":{"line":28,"column":0},"end":{"line":28,"column":54}},"8":{"start":{"line":30,"column":0},"end":{"line":30,"column":86}},"9":{"start":{"line":32,"column":0},"end":{"line":32,"column":63}},"10":{"start":{"line":34,"column":0},"end":{"line":34,"column":93}},"11":{"start":{"line":36,"column":0},"end":{"line":36,"column":86}},"12":{"start":{"line":40,"column":0},"end":{"line":40,"column":22}}},"fnMap":{},"branchMap":{},"s":{"0":1,"1":1,"2":1,"3":1,"4":1,"5":1,"6":1,"7":1,"8":1,"9":1,"10":1,"11":1,"12":1},"f":{},"b":{}}
,"/Users/ashrith/Development/airtribe/news-api/src/routes/userRoutes.ts": {"path":"/Users/ashrith/Development/airtribe/news-api/src/routes/userRoutes.ts","statementMap":{"0":{"start":{"line":1,"column":0},"end":{"line":1,"column":30}},"1":{"start":{"line":2,"column":0},"end":{"line":2,"column":72}},"2":{"start":{"line":3,"column":0},"end":{"line":3,"column":121}},"3":{"start":{"line":4,"column":0},"end":{"line":4,"column":63}},"4":{"start":{"line":5,"column":0},"end":{"line":5,"column":74}},"5":{"start":{"line":7,"column":15},"end":{"line":7,"column":31}},"6":{"start":{"line":10,"column":0},"end":{"line":10,"column":39}},"7":{"start":{"line":13,"column":0},"end":{"line":13,"column":34}},"8":{"start":{"line":16,"column":0},"end":{"line":16,"column":88}},"9":{"start":{"line":18,"column":0},"end":{"line":18,"column":64}},"10":{"start":{"line":20,"column":0},"end":{"line":20,"column":70}},"11":{"start":{"line":22,"column":0},"end":{"line":22,"column":22}}},"fnMap":{},"branchMap":{},"s":{"0":1,"1":1,"2":1,"3":1,"4":1,"5":1,"6":1,"7":1,"8":1,"9":1,"10":1,"11":1},"f":{},"b":{}}
,"/Users/ashrith/Development/airtribe/news-api/src/services/authService.ts": {"path":"/Users/ashrith/Development/airtribe/news-api/src/services/authService.ts","statementMap":{"0":{"start":{"line":1,"column":0},"end":{"line":1,"column":31}},"1":{"start":{"line":2,"column":0},"end":{"line":2,"column":28}},"2":{"start":{"line":4,"column":0},"end":{"line":4,"column":16}},"3":{"start":{"line":7,"column":18},"end":{"line":7,"column":50}},"4":{"start":{"line":10,"column":16},"end":{"line":10,"column":68}},"5":{"start":{"line":11,"column":2},"end":{"line":11,"column":15}},"6":{"start":{"line":9,"column":0},"end":{"line":9,"column":16}},"7":{"start":{"line":22,"column":2},"end":{"line":28,"column":null}},"8":{"start":{"line":23,"column":25},"end":{"line":23,"column":69}},"9":{"start":{"line":24,"column":4},"end":{"line":24,"column":24}},"10":{"start":{"line":27,"column":4},"end":{"line":27,"column":16}},"11":{"start":{"line":21,"column":0},"end":{"line":21,"column":16}}},"fnMap":{"0":{"name":"generateToken","decl":{"start":{"line":9,"column":16},"end":{"line":9,"column":29}},"loc":{"start":{"line":9,"column":44},"end":{"line":12,"column":1}}},"1":{"name":"verifyToken","decl":{"start":{"line":21,"column":16},"end":{"line":21,"column":27}},"loc":{"start":{"line":21,"column":41},"end":{"line":29,"column":1}}}},"branchMap":{},"s":{"0":4,"1":4,"2":4,"3":4,"4":18,"5":18,"6":4,"7":16,"8":16,"9":15,"10":1,"11":4},"f":{"0":18,"1":16},"b":{}}
,"/Users/ashrith/Development/airtribe/news-api/src/services/backgroundUpdatesService.ts": {"path":"/Users/ashrith/Development/airtribe/news-api/src/services/backgroundUpdatesService.ts","statementMap":{"0":{"start":{"line":1,"column":0},"end":{"line":1,"column":29}},"1":{"start":{"line":2,"column":0},"end":{"line":2,"column":34}},"2":{"start":{"line":3,"column":0},"end":{"line":3,"column":47}},"3":{"start":{"line":4,"column":0},"end":{"line":4,"column":41}},"4":{"start":{"line":6,"column":38},"end":{"line":52,"column":1}},"5":{"start":{"line":8,"column":2},"end":{"line":29,"column":5}},"6":{"start":{"line":8,"column":42},"end":{"line":29,"column":4}},"7":{"start":{"line":9,"column":4},"end":{"line":28,"column":null}},"8":{"start":{"line":10,"column":20},"end":{"line":10,"column":59}},"9":{"start":{"line":11,"column":6},"end":{"line":14,"column":null}},"10":{"start":{"line":12,"column":8},"end":{"line":12,"column":39}},"11":{"start":{"line":13,"column":8},"end":{"line":13,"column":15}},"12":{"start":{"line":15,"column":6},"end":{"line":23,"column":null}},"13":{"start":{"line":16,"column":25},"end":{"line":16,"column":43}},"14":{"start":{"line":19,"column":25},"end":{"line":19,"column":46}},"15":{"start":{"line":22,"column":8},"end":{"line":22,"column":43}},"16":{"start":{"line":25,"column":6},"end":{"line":25,"column":51}},"17":{"start":{"line":27,"column":6},"end":{"line":27,"column":67}},"18":{"start":{"line":6,"column":13},"end":{"line":6,"column":38}}},"fnMap":{"0":{"name":"(anonymous_8)","decl":{"start":{"line":6,"column":38},"end":{"line":6,"column":41}},"loc":{"start":{"line":6,"column":43},"end":{"line":52,"column":1}}},"1":{"name":"(anonymous_9)","decl":{"start":{"line":8,"column":31},"end":{"line":8,"column":40}},"loc":{"start":{"line":8,"column":42},"end":{"line":29,"column":4}}},"2":{"name":"(anonymous_10)","decl":{"start":{"line":8,"column":42},"end":{"line":8,"column":null}},"loc":{"start":{"line":8,"column":42},"end":{"line":29,"column":3}}}},"branchMap":{"0":{"loc":{"start":{"line":11,"column":6},"end":{"line":14,"column":null}},"type":"if","locations":[{"start":{"line":11,"column":6},"end":{"line":14,"column":null}}]},"1":{"loc":{"start":{"line":11,"column":10},"end":{"line":11,"column":38}},"type":"binary-expr","locations":[{"start":{"line":11,"column":10},"end":{"line":11,"column":16}},{"start":{"line":11,"column":20},"end":{"line":11,"column":38}}]}},"s":{"0":2,"1":2,"2":2,"3":2,"4":2,"5":5,"6":3,"7":3,"8":3,"9":3,"10":1,"11":1,"12":2,"13":3,"14":3,"15":2,"16":1,"17":1,"18":2},"f":{"0":5,"1":3,"2":3},"b":{"0":[1],"1":[3,3]}}
,"/Users/ashrith/Development/airtribe/news-api/src/services/cacheServie.ts": {"path":"/Users/ashrith/Development/airtribe/news-api/src/services/cacheServie.ts","statementMap":{"0":{"start":{"line":1,"column":0},"end":{"line":1,"column":35}},"1":{"start":{"line":3,"column":14},"end":{"line":3,"column":29}},"2":{"start":{"line":5,"column":24},"end":{"line":7,"column":1}},"3":{"start":{"line":6,"column":2},"end":{"line":6,"column":24}},"4":{"start":{"line":5,"column":13},"end":{"line":5,"column":24}},"5":{"start":{"line":9,"column":24},"end":{"line":11,"column":1}},"6":{"start":{"line":10,"column":2},"end":{"line":10,"column":37}},"7":{"start":{"line":9,"column":13},"end":{"line":9,"column":24}}},"fnMap":{"0":{"name":"(anonymous_1)","decl":{"start":{"line":5,"column":24},"end":{"line":5,"column":25}},"loc":{"start":{"line":5,"column":59},"end":{"line":7,"column":1}}},"1":{"name":"(anonymous_2)","decl":{"start":{"line":9,"column":24},"end":{"line":9,"column":25}},"loc":{"start":{"line":9,"column":65},"end":{"line":11,"column":1}}}},"branchMap":{},"s":{"0":3,"1":3,"2":3,"3":3,"4":3,"5":3,"6":2,"7":3},"f":{"0":3,"1":2},"b":{}}
,"/Users/ashrith/Development/airtribe/news-api/src/services/fetchNewsService.ts": {"path":"/Users/ashrith/Development/airtribe/news-api/src/services/fetchNewsService.ts","statementMap":{"0":{"start":{"line":1,"column":0},"end":{"line":1,"column":45}},"1":{"start":{"line":4,"column":25},"end":{"line":58,"column":2}},"2":{"start":{"line":4,"column":47},"end":{"line":58,"column":2}},"3":{"start":{"line":5,"column":17},"end":{"line":5,"column":44}},"4":{"start":{"line":6,"column":21},"end":{"line":6,"column":48}},"5":{"start":{"line":7,"column":18},"end":{"line":7,"column":42}},"6":{"start":{"line":8,"column":19},"end":{"line":8,"column":21}},"7":{"start":{"line":9,"column":15},"end":{"line":9,"column":16}},"8":{"start":{"line":12,"column":2},"end":{"line":14,"column":null}},"9":{"start":{"line":13,"column":4},"end":{"line":13,"column":54}},"10":{"start":{"line":16,"column":50},"end":{"line":16,"column":52}},"11":{"start":{"line":18,"column":2},"end":{"line":31,"column":null}},"12":{"start":{"line":19,"column":4},"end":{"line":30,"column":null}},"13":{"start":{"line":20,"column":6},"end":{"line":29,"column":8}},"14":{"start":{"line":33,"column":2},"end":{"line":44,"column":null}},"15":{"start":{"line":34,"column":4},"end":{"line":43,"column":6}},"16":{"start":{"line":46,"column":2},"end":{"line":57,"column":null}},"17":{"start":{"line":47,"column":22},"end":{"line":47,"column":49}},"18":{"start":{"line":48,"column":21},"end":{"line":48,"column":79}},"19":{"start":{"line":48,"column":49},"end":{"line":48,"column":71}},"20":{"start":{"line":52,"column":4},"end":{"line":52,"column":20}},"21":{"start":{"line":55,"column":4},"end":{"line":55,"column":49}},"22":{"start":{"line":56,"column":4},"end":{"line":56,"column":16}},"23":{"start":{"line":4,"column":13},"end":{"line":4,"column":25}}},"fnMap":{"0":{"name":"(anonymous_8)","decl":{"start":{"line":4,"column":25},"end":{"line":4,"column":32}},"loc":{"start":{"line":4,"column":47},"end":{"line":58,"column":2}}},"1":{"name":"(anonymous_9)","decl":{"start":{"line":4,"column":47},"end":{"line":4,"column":null}},"loc":{"start":{"line":4,"column":47},"end":{"line":58,"column":1}}},"2":{"name":"(anonymous_10)","decl":{"start":{"line":48,"column":35},"end":{"line":48,"column":36}},"loc":{"start":{"line":48,"column":49},"end":{"line":48,"column":71}}}},"branchMap":{"0":{"loc":{"start":{"line":12,"column":2},"end":{"line":14,"column":null}},"type":"if","locations":[{"start":{"line":12,"column":2},"end":{"line":14,"column":null}}]},"1":{"loc":{"start":{"line":12,"column":6},"end":{"line":12,"column":42}},"type":"binary-expr","locations":[{"start":{"line":12,"column":6},"end":{"line":12,"column":13}},{"start":{"line":12,"column":17},"end":{"line":12,"column":42}}]},"2":{"loc":{"start":{"line":18,"column":2},"end":{"line":31,"column":null}},"type":"if","locations":[{"start":{"line":18,"column":2},"end":{"line":31,"column":null}}]},"3":{"loc":{"start":{"line":18,"column":6},"end":{"line":18,"column":41}},"type":"binary-expr","locations":[{"start":{"line":18,"column":6},"end":{"line":18,"column":16}},{"start":{"line":18,"column":20},"end":{"line":18,"column":41}}]},"4":{"loc":{"start":{"line":33,"column":2},"end":{"line":44,"column":null}},"type":"if","locations":[{"start":{"line":33,"column":2},"end":{"line":44,"column":null}}]},"5":{"loc":{"start":{"line":33,"column":6},"end":{"line":33,"column":35}},"type":"binary-expr","locations":[{"start":{"line":33,"column":6},"end":{"line":33,"column":13}},{"start":{"line":33,"column":17},"end":{"line":33,"column":35}}]}},"s":{"0":3,"1":3,"2":4,"3":4,"4":4,"5":4,"6":4,"7":4,"8":4,"9":1,"10":3,"11":3,"12":2,"13":4,"14":3,"15":2,"16":3,"17":3,"18":2,"19":3,"20":2,"21":1,"22":1,"23":3},"f":{"0":4,"1":4,"2":3},"b":{"0":[1],"1":[4,3],"2":[2],"3":[3,3],"4":[2],"5":[3,3]}}
,"/Users/ashrith/Development/airtribe/news-api/src/services/rateLimiter.ts": {"path":"/Users/ashrith/Development/airtribe/news-api/src/services/rateLimiter.ts","statementMap":{"0":{"start":{"line":1,"column":0},"end":{"line":1,"column":43}},"1":{"start":{"line":3,"column":13},"end":{"line":7,"column":3}}},"fnMap":{},"branchMap":{},"s":{"0":2,"1":2},"f":{},"b":{}}
,"/Users/ashrith/Development/airtribe/news-api/src/utils/error-types.ts": {"path":"/Users/ashrith/Development/airtribe/news-api/src/utils/error-types.ts","statementMap":{"0":{"start":{"line":3,"column":4},"end":{"line":3,"column":19}},"1":{"start":{"line":4,"column":4},"end":{"line":4,"column":34}},"2":{"start":{"line":5,"column":4},"end":{"line":5,"column":54}},"3":{"start":{"line":41,"column":9},"end":{"line":41,"column":24}},"4":{"start":{"line":11,"column":4},"end":{"line":11,"column":19}},"5":{"start":{"line":12,"column":4},"end":{"line":12,"column":38}},"6":{"start":{"line":13,"column":4},"end":{"line":13,"column":54}},"7":{"start":{"line":41,"column":26},"end":{"line":41,"column":45}},"8":{"start":{"line":19,"column":4},"end":{"line":19,"column":19}},"9":{"start":{"line":20,"column":4},"end":{"line":20,"column":37}},"10":{"start":{"line":21,"column":4},"end":{"line":21,"column":54}},"11":{"start":{"line":41,"column":47},"end":{"line":41,"column":65}},"12":{"start":{"line":27,"column":4},"end":{"line":27,"column":19}},"13":{"start":{"line":28,"column":4},"end":{"line":28,"column":37}},"14":{"start":{"line":29,"column":4},"end":{"line":29,"column":54}},"15":{"start":{"line":41,"column":67},"end":{"line":41,"column":85}},"16":{"start":{"line":35,"column":4},"end":{"line":35,"column":19}},"17":{"start":{"line":36,"column":4},"end":{"line":36,"column":34}},"18":{"start":{"line":37,"column":4},"end":{"line":37,"column":54}},"19":{"start":{"line":41,"column":87},"end":{"line":41,"column":102}}},"fnMap":{"0":{"name":"(anonymous_0)","decl":{"start":{"line":2,"column":2},"end":{"line":2,"column":14}},"loc":{"start":{"line":2,"column":29},"end":{"line":6,"column":3}}},"1":{"name":"(anonymous_1)","decl":{"start":{"line":10,"column":2},"end":{"line":10,"column":14}},"loc":{"start":{"line":10,"column":29},"end":{"line":14,"column":3}}},"2":{"name":"(anonymous_2)","decl":{"start":{"line":18,"column":2},"end":{"line":18,"column":14}},"loc":{"start":{"line":18,"column":29},"end":{"line":22,"column":3}}},"3":{"name":"(anonymous_3)","decl":{"start":{"line":26,"column":2},"end":{"line":26,"column":14}},"loc":{"start":{"line":26,"column":29},"end":{"line":30,"column":3}}},"4":{"name":"(anonymous_4)","decl":{"start":{"line":34,"column":2},"end":{"line":34,"column":14}},"loc":{"start":{"line":34,"column":29},"end":{"line":38,"column":3}}}},"branchMap":{},"s":{"0":4,"1":4,"2":4,"3":6,"4":2,"5":2,"6":2,"7":6,"8":5,"9":5,"10":5,"11":6,"12":2,"13":2,"14":2,"15":6,"16":13,"17":13,"18":13,"19":6},"f":{"0":4,"1":2,"2":5,"3":2,"4":13},"b":{}}
,"/Users/ashrith/Development/airtribe/news-api/src/utils/isArray.ts": {"path":"/Users/ashrith/Development/airtribe/news-api/src/utils/isArray.ts","statementMap":{"0":{"start":{"line":1,"column":33},"end":{"line":16,"column":1}},"1":{"start":{"line":3,"column":2},"end":{"line":5,"column":null}},"2":{"start":{"line":4,"column":4},"end":{"line":4,"column":17}},"3":{"start":{"line":8,"column":2},"end":{"line":12,"column":null}},"4":{"start":{"line":8,"column":15},"end":{"line":8,"column":16}},"5":{"start":{"line":9,"column":4},"end":{"line":11,"column":null}},"6":{"start":{"line":10,"column":6},"end":{"line":10,"column":19}},"7":{"start":{"line":15,"column":2},"end":{"line":15,"column":14}},"8":{"start":{"line":1,"column":14},"end":{"line":1,"column":33}}},"fnMap":{"0":{"name":"(anonymous_0)","decl":{"start":{"line":1,"column":33},"end":{"line":1,"column":34}},"loc":{"start":{"line":1,"column":63},"end":{"line":16,"column":1}}}},"branchMap":{"0":{"loc":{"start":{"line":3,"column":2},"end":{"line":5,"column":null}},"type":"if","locations":[{"start":{"line":3,"column":2},"end":{"line":5,"column":null}}]},"1":{"loc":{"start":{"line":9,"column":4},"end":{"line":11,"column":null}},"type":"if","locations":[{"start":{"line":9,"column":4},"end":{"line":11,"column":null}}]}},"s":{"0":1,"1":3,"2":1,"3":2,"4":2,"5":4,"6":1,"7":1,"8":1},"f":{"0":3},"b":{"0":[1],"1":[1]}}
,"/Users/ashrith/Development/airtribe/news-api/src/validation/userValidation.ts": {"path":"/Users/ashrith/Development/airtribe/news-api/src/validation/userValidation.ts","statementMap":{"0":{"start":{"line":1,"column":0},"end":{"line":1,"column":22}},"1":{"start":{"line":4,"column":13},"end":{"line":8,"column":3}},"2":{"start":{"line":10,"column":13},"end":{"line":13,"column":3}},"3":{"start":{"line":15,"column":13},"end":{"line":18,"column":3}},"4":{"start":{"line":20,"column":13},"end":{"line":23,"column":3}}},"fnMap":{},"branchMap":{},"s":{"0":3,"1":3,"2":3,"3":3,"4":3},"f":{},"b":{}}
}
