TN:
SF:src/app.ts
FN:24,(anonymous_8)
FN:37,(anonymous_9)
FN:43,(anonymous_10)
FN:43,(anonymous_11)
FN:48,(anonymous_12)
FN:63,(anonymous_13)
FNF:6
FNH:5
FNDA:1,(anonymous_8)
FNDA:2,(anonymous_9)
FNDA:2,(anonymous_10)
FNDA:2,(anonymous_11)
FNDA:0,(anonymous_12)
FNDA:3,(anonymous_13)
DA:1,3
DA:2,3
DA:3,3
DA:4,3
DA:5,3
DA:6,3
DA:7,3
DA:8,3
DA:9,3
DA:10,3
DA:11,3
DA:13,3
DA:15,3
DA:16,3
DA:20,3
DA:21,3
DA:24,3
DA:25,1
DA:30,3
DA:31,3
DA:32,3
DA:35,3
DA:37,3
DA:38,2
DA:39,0
DA:41,2
DA:43,2
DA:44,2
DA:47,2
DA:49,0
DA:60,3
DA:63,3
DA:64,3
DA:67,3
LF:34
LH:32
BRDA:16,0,0,3
BRDA:16,0,1,0
BRDA:38,1,0,0
BRDA:38,1,1,2
BRF:4
BRH:2
end_of_record
TN:
SF:src/config/database.ts
FN:26,(anonymous_1)
FN:29,(anonymous_2)
FNF:2
FNH:0
FNDA:0,(anonymous_1)
FNDA:0,(anonymous_2)
DA:1,4
DA:2,4
DA:4,4
DA:8,4
DA:9,4
DA:10,4
DA:11,4
DA:12,4
DA:15,4
DA:19,4
DA:23,4
DA:24,0
DA:27,0
DA:30,0
DA:34,4
LF:15
LH:12
BRDA:15,0,0,4
BRDA:15,0,1,0
BRDA:23,1,0,0
BRF:3
BRH:1
end_of_record
TN:
SF:src/config/email.ts
FN:17,(anonymous_8)
FN:17,(anonymous_9)
FN:33,(anonymous_10)
FNF:3
FNH:3
FNDA:3,(anonymous_8)
FNDA:3,(anonymous_9)
FNDA:3,(anonymous_10)
DA:1,4
DA:2,4
DA:3,4
DA:6,4
DA:7,4
DA:10,4
DA:11,4
DA:17,4
DA:18,3
DA:19,3
DA:26,3
DA:29,3
DA:33,4
DA:34,3
LF:14
LH:14
BRF:0
BRH:0
end_of_record
TN:
SF:src/controllers/newsController.ts
FN:9,(anonymous_8)
FN:9,(anonymous_9)
FN:37,(anonymous_10)
FN:37,(anonymous_11)
FN:45,(anonymous_12)
FN:57,(anonymous_13)
FN:57,(anonymous_14)
FN:79,(anonymous_15)
FN:79,(anonymous_16)
FN:86,(anonymous_17)
FN:98,(anonymous_18)
FN:98,(anonymous_19)
FN:120,(anonymous_20)
FN:120,(anonymous_21)
FN:130,(anonymous_22)
FN:140,(anonymous_23)
FN:140,(anonymous_24)
FNF:17
FNH:17
FNDA:4,(anonymous_8)
FNDA:4,(anonymous_9)
FNDA:4,(anonymous_10)
FNDA:4,(anonymous_11)
FNDA:2,(anonymous_12)
FNDA:3,(anonymous_13)
FNDA:3,(anonymous_14)
FNDA:4,(anonymous_15)
FNDA:4,(anonymous_16)
FNDA:3,(anonymous_17)
FNDA:5,(anonymous_18)
FNDA:5,(anonymous_19)
FNDA:3,(anonymous_20)
FNDA:3,(anonymous_21)
FNDA:4,(anonymous_22)
FNDA:3,(anonymous_23)
FNDA:3,(anonymous_24)
DA:4,4
DA:5,4
DA:6,4
DA:7,4
DA:9,4
DA:10,4
DA:11,4
DA:12,4
DA:14,4
DA:16,4
DA:17,1
DA:20,3
DA:21,3
DA:23,3
DA:24,1
DA:25,1
DA:27,2
DA:28,2
DA:29,2
DA:33,1
DA:37,4
DA:38,4
DA:39,4
DA:40,4
DA:42,4
DA:43,1
DA:45,3
DA:46,2
DA:51,3
DA:53,1
DA:57,4
DA:58,3
DA:59,3
DA:60,3
DA:62,3
DA:63,1
DA:65,2
DA:66,2
DA:67,2
DA:70,2
DA:71,2
DA:75,1
DA:79,4
DA:80,4
DA:81,4
DA:82,4
DA:83,4
DA:84,1
DA:86,3
DA:87,3
DA:92,3
DA:94,1
DA:98,5
DA:99,5
DA:100,5
DA:101,5
DA:103,5
DA:104,1
DA:106,4
DA:107,4
DA:108,4
DA:111,4
DA:112,4
DA:116,1
DA:120,4
DA:121,3
DA:122,3
DA:123,3
DA:126,3
DA:127,1
DA:129,2
DA:130,4
DA:131,2
DA:132,2
DA:136,1
DA:140,4
DA:141,3
DA:142,3
DA:143,3
DA:144,3
DA:146,3
DA:147,1
DA:149,2
DA:150,2
DA:154,1
LF:85
LH:85
BRDA:16,0,0,1
BRDA:23,1,0,1
BRDA:23,2,0,3
BRDA:23,2,1,1
BRDA:42,3,0,1
BRDA:45,4,0,2
BRDA:45,4,1,1
BRDA:62,5,0,1
BRDA:83,6,0,1
BRDA:103,7,0,1
BRDA:126,8,0,1
BRDA:146,9,0,1
BRF:12
BRH:12
end_of_record
TN:
SF:src/controllers/userController.ts
FN:14,(anonymous_8)
FN:18,(anonymous_9)
FN:57,(anonymous_10)
FN:60,(anonymous_11)
FN:71,(anonymous_12)
FN:75,(anonymous_13)
FN:92,(anonymous_14)
FN:96,(anonymous_15)
FNF:8
FNH:5
FNDA:6,(anonymous_8)
FNDA:6,(anonymous_9)
FNDA:0,(anonymous_10)
FNDA:3,(anonymous_11)
FNDA:0,(anonymous_12)
FNDA:0,(anonymous_13)
FNDA:6,(anonymous_14)
FNDA:6,(anonymous_15)
DA:2,4
DA:3,4
DA:4,4
DA:5,4
DA:6,4
DA:11,4
DA:14,4
DA:18,6
DA:19,6
DA:20,6
DA:22,6
DA:26,6
DA:27,1
DA:30,5
DA:31,5
DA:32,2
DA:36,3
DA:37,3
DA:40,3
DA:53,3
DA:54,3
DA:56,3
DA:58,0
DA:61,3
DA:67,6
DA:71,4
DA:75,0
DA:76,0
DA:77,0
DA:78,0
DA:79,0
DA:80,0
DA:82,0
DA:83,0
DA:84,0
DA:87,0
DA:92,4
DA:96,6
DA:97,6
DA:99,6
DA:100,6
DA:101,1
DA:104,5
DA:107,5
DA:109,5
DA:110,1
DA:113,4
DA:114,2
DA:118,2
DA:120,2
DA:121,0
DA:125,2
DA:127,2
DA:130,4
LF:54
LH:42
BRDA:26,0,0,1
BRDA:31,1,0,2
BRDA:79,2,0,0
BRDA:100,3,0,1
BRDA:109,4,0,1
BRDA:113,5,0,2
BRDA:120,6,0,0
BRDA:125,7,0,2
BRDA:125,7,1,0
BRF:9
BRH:6
end_of_record
TN:
SF:src/controllers/userPreferencesController.ts
FN:9,(anonymous_8)
FN:9,(anonymous_9)
FN:51,(anonymous_10)
FN:51,(anonymous_11)
FN:70,(anonymous_12)
FN:70,(anonymous_13)
FN:94,(anonymous_14)
FN:99,(anonymous_15)
FNF:8
FNH:8
FNDA:4,(anonymous_8)
FNDA:4,(anonymous_9)
FNDA:3,(anonymous_10)
FNDA:3,(anonymous_11)
FNDA:4,(anonymous_12)
FNDA:4,(anonymous_13)
FNDA:1,(anonymous_14)
FNDA:1,(anonymous_15)
DA:3,4
DA:5,4
DA:6,4
DA:9,4
DA:10,4
DA:11,4
DA:12,4
DA:15,4
DA:17,4
DA:19,4
DA:20,1
DA:24,3
DA:26,3
DA:27,1
DA:31,2
DA:32,2
DA:34,2
DA:35,1
DA:39,2
DA:41,2
DA:44,2
DA:51,4
DA:52,3
DA:53,3
DA:55,3
DA:57,3
DA:58,3
DA:59,1
DA:62,2
DA:65,1
DA:70,4
DA:71,4
DA:72,4
DA:73,4
DA:76,4
DA:78,4
DA:80,4
DA:81,1
DA:85,3
DA:87,3
DA:88,1
DA:92,2
DA:93,1
DA:94,1
DA:97,2
DA:98,1
DA:99,1
DA:104,2
DA:106,2
DA:109,2
LF:50
LH:50
BRDA:19,0,0,1
BRDA:26,1,0,1
BRDA:31,2,0,2
BRDA:34,3,0,1
BRDA:58,4,0,1
BRDA:80,5,0,1
BRDA:87,6,0,1
BRDA:92,7,0,1
BRDA:97,8,0,1
BRF:9
BRH:9
end_of_record
TN:
SF:src/handlers/error-handler.ts
FN:4,(anonymous_0)
FNF:1
FNH:1
FNDA:9,(anonymous_0)
DA:2,4
DA:4,4
DA:5,9
DA:6,1
DA:8,8
DA:9,1
DA:11,7
DA:12,1
DA:14,6
DA:15,2
DA:17,4
DA:18,1
DA:20,3
LF:13
LH:13
BRDA:5,0,0,1
BRDA:8,1,0,1
BRDA:11,2,0,1
BRDA:14,3,0,2
BRDA:17,4,0,1
BRF:5
BRH:5
end_of_record
TN:
SF:src/middleware/authMiddleware.ts
FN:9,(anonymous_0)
FNF:1
FNH:1
FNDA:16,(anonymous_0)
DA:2,4
DA:3,4
DA:9,4
DA:10,16
DA:13,16
DA:14,1
DA:18,15
DA:20,15
DA:21,1
DA:23,14
DA:24,14
LF:11
LH:11
BRDA:13,0,0,1
BRDA:20,1,0,1
BRF:2
BRH:2
end_of_record
TN:
SF:src/middleware/categoriesMiddleware.ts
FN:7,(anonymous_1)
FNF:1
FNH:1
FNDA:9,(anonymous_1)
DA:3,4
DA:7,4
DA:8,9
DA:9,1
DA:11,8
DA:12,8
DA:21,8
DA:23,8
DA:24,3
DA:27,5
DA:28,1
DA:45,4
LF:12
LH:12
BRDA:8,0,0,1
BRDA:23,1,0,3
BRDA:27,2,0,1
BRDA:27,3,0,5
BRDA:27,3,1,2
BRF:5
BRH:5
end_of_record
TN:
SF:src/middleware/newsMiddleware.ts
FN:6,(anonymous_8)
FN:10,(anonymous_9)
FN:54,(anonymous_10)
FN:58,(anonymous_11)
FN:109,(anonymous_12)
FN:113,(anonymous_13)
FN:163,(anonymous_14)
FN:167,(anonymous_15)
FN:182,(anonymous_16)
FN:189,(anonymous_17)
FNF:10
FNH:10
FNDA:9,(anonymous_8)
FNDA:9,(anonymous_9)
FNDA:11,(anonymous_10)
FNDA:11,(anonymous_11)
FNDA:9,(anonymous_12)
FNDA:9,(anonymous_13)
FNDA:5,(anonymous_14)
FNDA:5,(anonymous_15)
FNDA:4,(anonymous_16)
FNDA:4,(anonymous_17)
DA:2,4
DA:4,4
DA:6,4
DA:10,9
DA:11,9
DA:12,9
DA:13,1
DA:21,8
DA:22,8
DA:23,8
DA:24,1
DA:26,7
DA:27,1
DA:29,6
DA:33,1
DA:37,5
DA:38,5
DA:42,4
DA:43,1
DA:45,3
DA:46,3
DA:48,3
DA:50,2
DA:54,4
DA:58,11
DA:59,11
DA:60,11
DA:61,1
DA:69,10
DA:70,10
DA:71,10
DA:72,1
DA:76,9
DA:77,1
DA:79,8
DA:83,1
DA:87,7
DA:90,7
DA:94,6
DA:95,1
DA:100,5
DA:101,5
DA:103,5
DA:105,2
DA:109,4
DA:113,9
DA:114,9
DA:115,9
DA:116,1
DA:124,8
DA:125,8
DA:126,8
DA:127,1
DA:131,7
DA:132,1
DA:134,6
DA:138,1
DA:142,5
DA:145,5
DA:150,4
DA:151,1
DA:154,3
DA:155,3
DA:157,3
DA:159,2
DA:163,4
DA:167,5
DA:168,5
DA:169,5
DA:170,1
DA:172,4
DA:173,1
DA:175,3
DA:176,3
DA:179,3
DA:182,4
DA:187,4
DA:189,4
DA:190,4
DA:191,1
DA:193,3
DA:194,3
DA:195,1
DA:201,2
LF:84
LH:84
BRDA:12,0,0,1
BRDA:12,1,0,9
BRDA:12,1,1,8
BRDA:23,2,0,1
BRDA:26,3,0,1
BRDA:29,4,0,1
BRDA:30,5,0,6
BRDA:30,5,1,1
BRDA:42,6,0,1
BRDA:45,7,0,3
BRDA:60,8,0,1
BRDA:71,9,0,1
BRDA:76,10,0,1
BRDA:79,11,0,1
BRDA:80,12,0,8
BRDA:80,12,1,1
BRDA:94,13,0,1
BRDA:100,14,0,5
BRDA:115,15,0,1
BRDA:126,16,0,1
BRDA:131,17,0,1
BRDA:134,18,0,1
BRDA:135,19,0,6
BRDA:135,19,1,1
BRDA:150,20,0,1
BRDA:154,21,0,3
BRDA:169,22,0,1
BRDA:172,23,0,1
BRDA:172,24,0,4
BRDA:172,24,1,4
BRDA:175,25,0,3
BRDA:190,26,0,1
BRDA:194,27,0,1
BRDA:194,28,0,3
BRDA:194,28,1,1
BRF:35
BRH:35
end_of_record
TN:
SF:src/models/User.ts
FNF:0
FNH:0
DA:1,9
DA:26,9
DA:49,9
DA:51,9
LF:4
LH:4
BRF:0
BRH:0
end_of_record
TN:
SF:src/routes/newsRoutes.ts
FNF:0
FNH:0
DA:1,3
DA:2,3
DA:3,3
DA:12,3
DA:20,3
DA:24,3
DA:26,3
DA:28,3
DA:30,3
DA:32,3
DA:34,3
DA:36,3
DA:40,3
LF:13
LH:13
BRF:0
BRH:0
end_of_record
TN:
SF:src/routes/userRoutes.ts
FNF:0
FNH:0
DA:1,3
DA:2,3
DA:3,3
DA:4,3
DA:5,3
DA:7,3
DA:10,3
DA:11,3
DA:13,3
DA:16,3
DA:18,3
DA:20,3
DA:22,3
LF:13
LH:13
BRF:0
BRH:0
end_of_record
TN:
SF:src/services/authService.ts
FN:9,generateToken
FN:21,verifyToken
FNF:2
FNH:2
FNDA:4,generateToken
FNDA:14,verifyToken
DA:1,6
DA:2,6
DA:4,6
DA:7,6
DA:9,6
DA:10,4
DA:11,4
DA:21,6
DA:22,14
DA:23,14
DA:24,13
DA:27,1
LF:12
LH:12
BRF:0
BRH:0
end_of_record
TN:
SF:src/services/backgroundUpdatesService.ts
FN:6,(anonymous_8)
FN:8,(anonymous_9)
FN:8,(anonymous_10)
FNF:3
FNH:3
FNDA:6,(anonymous_8)
FNDA:3,(anonymous_9)
FNDA:3,(anonymous_10)
DA:1,4
DA:2,4
DA:3,4
DA:4,4
DA:6,4
DA:8,6
DA:9,3
DA:10,3
DA:11,3
DA:12,1
DA:13,1
DA:15,2
DA:16,3
DA:19,3
DA:22,2
DA:25,1
DA:27,1
LF:17
LH:17
BRDA:11,0,0,1
BRDA:11,1,0,3
BRDA:11,1,1,3
BRF:3
BRH:3
end_of_record
TN:
SF:src/services/cacheServie.ts
FN:5,(anonymous_1)
FN:9,(anonymous_2)
FNF:2
FNH:2
FNDA:3,(anonymous_1)
FNDA:2,(anonymous_2)
DA:1,6
DA:3,6
DA:5,6
DA:6,3
DA:9,6
DA:10,2
LF:6
LH:6
BRF:0
BRH:0
end_of_record
TN:
SF:src/services/fetchNewsService.ts
FN:4,(anonymous_8)
FN:4,(anonymous_9)
FN:62,(anonymous_10)
FNF:3
FNH:3
FNDA:6,(anonymous_8)
FNDA:6,(anonymous_9)
FNDA:8,(anonymous_10)
DA:1,6
DA:4,6
DA:5,6
DA:6,6
DA:7,6
DA:8,6
DA:9,6
DA:12,6
DA:13,1
DA:16,5
DA:18,5
DA:19,3
DA:20,6
DA:33,5
DA:34,3
DA:47,5
DA:48,2
DA:60,5
DA:61,5
DA:62,8
DA:66,4
DA:69,1
DA:70,1
LF:23
LH:23
BRDA:12,0,0,1
BRDA:12,1,0,6
BRDA:12,1,1,5
BRDA:18,2,0,3
BRDA:18,3,0,5
BRDA:18,3,1,5
BRDA:33,4,0,3
BRDA:33,5,0,5
BRDA:33,5,1,5
BRDA:47,6,0,2
BRF:10
BRH:10
end_of_record
TN:
SF:src/services/rateLimiter.ts
FNF:0
FNH:0
DA:1,4
DA:3,4
LF:2
LH:2
BRF:0
BRH:0
end_of_record
TN:
SF:src/utils/error-types.ts
FN:2,(anonymous_0)
FN:10,(anonymous_1)
FN:18,(anonymous_2)
FN:26,(anonymous_3)
FN:34,(anonymous_4)
FNF:5
FNH:5
FNDA:4,(anonymous_0)
FNDA:2,(anonymous_1)
FNDA:4,(anonymous_2)
FNDA:4,(anonymous_3)
FNDA:28,(anonymous_4)
DA:3,4
DA:4,4
DA:5,4
DA:11,2
DA:12,2
DA:13,2
DA:19,4
DA:20,4
DA:21,4
DA:27,4
DA:28,4
DA:29,4
DA:35,28
DA:36,28
DA:37,28
DA:41,10
LF:16
LH:16
BRF:0
BRH:0
end_of_record
TN:
SF:src/utils/isArray.ts
FN:1,(anonymous_0)
FNF:1
FNH:1
FNDA:3,(anonymous_0)
DA:1,1
DA:3,3
DA:4,1
DA:8,2
DA:9,4
DA:10,1
DA:15,1
LF:7
LH:7
BRDA:3,0,0,1
BRDA:9,1,0,1
BRF:2
BRH:2
end_of_record
TN:
SF:src/validation/userValidation.ts
FNF:0
FNH:0
DA:1,6
DA:4,6
DA:10,6
DA:15,6
DA:20,6
LF:5
LH:5
BRF:0
BRH:0
end_of_record
