TN:
SF:src/middleware/authMiddleware.ts
FN:9,(anonymous_0)
FNF:1
FNH:1
FNDA:4,(anonymous_0)
DA:2,1
DA:3,1
DA:9,1
DA:10,4
DA:13,4
DA:14,1
DA:18,3
DA:20,3
DA:21,1
DA:23,2
DA:24,2
LF:11
LH:11
BRDA:13,0,0,1
BRDA:20,1,0,1
BRF:2
BRH:2
end_of_record
TN:
SF:src/services/authService.ts
FN:9,generateToken
FN:21,verifyToken
FNF:2
FNH:2
FNDA:2,generateToken
FNDA:2,verifyToken
DA:1,2
DA:2,2
DA:4,2
DA:7,2
DA:9,2
DA:10,2
DA:11,2
DA:21,2
DA:22,2
DA:23,2
DA:24,1
DA:27,1
LF:12
LH:12
BRF:0
BRH:0
end_of_record
TN:
SF:src/utils/error-types.ts
FN:2,(anonymous_0)
FN:10,(anonymous_1)
FN:18,(anonymous_2)
FN:26,(anonymous_3)
FN:34,(anonymous_4)
FNF:5
FNH:5
FNDA:1,(anonymous_0)
FNDA:1,(anonymous_1)
FNDA:3,(anonymous_2)
FNDA:1,(anonymous_3)
FNDA:1,(anonymous_4)
DA:3,1
DA:4,1
DA:5,1
DA:11,1
DA:12,1
DA:13,1
DA:19,3
DA:20,3
DA:21,3
DA:27,1
DA:28,1
DA:29,1
DA:35,1
DA:36,1
DA:37,1
DA:41,2
LF:16
LH:16
BRF:0
BRH:0
end_of_record
